Analysis & Synthesis report for HiddenLayer
Fri Dec 15 09:26:34 2017
Quartus II Version 10.0 Build 218 06/27/2010 SJ Web Edition


---------------------
; Table of Contents ;
---------------------
  1. Legal Notice
  2. Analysis & Synthesis Summary
  3. Analysis & Synthesis Settings
  4. Parallel Compilation
  5. Analysis & Synthesis Source Files Read
  6. Analysis & Synthesis Resource Usage Summary
  7. Analysis & Synthesis Resource Utilization by Entity
  8. User-Specified and Inferred Latches
  9. Registers Removed During Synthesis
 10. Removed Registers Triggering Further Register Optimizations
 11. General Register Statistics
 12. Multiplexer Restructuring Statistics (Restructuring Performed)
 13. Parameter Settings for Inferred Entity Instance: HiddenLayer:download|HiddenNeuron:hNeuron|ActivationFunc:callAF|lpm_divide:Div0
 14. Port Connectivity Checks: "HiddenLayer:download|OutputNeuron:oNeuron0"
 15. Port Connectivity Checks: "HiddenLayer:download|HiddenNeuron:hNeuron"
 16. Port Connectivity Checks: "HiddenLayer:download"
 17. Analysis & Synthesis Messages



----------------
; Legal Notice ;
----------------
Copyright (C) 1991-2010 Altera Corporation
Your use of Altera Corporation's design tools, logic functions 
and other software and tools, and its AMPP partner logic 
functions, and any output files from any of the foregoing 
(including device programming or simulation files), and any 
associated documentation or information are expressly subject 
to the terms and conditions of the Altera Program License 
Subscription Agreement, Altera MegaCore Function License 
Agreement, or other applicable license agreement, including, 
without limitation, that your use is for the sole purpose of 
programming logic devices manufactured by Altera and sold by 
Altera or its authorized distributors.  Please refer to the 
applicable agreement for further details.



+-------------------------------------------------------------------------------+
; Analysis & Synthesis Summary                                                  ;
+------------------------------------+------------------------------------------+
; Analysis & Synthesis Status        ; Successful - Fri Dec 15 09:26:34 2017    ;
; Quartus II Version                 ; 10.0 Build 218 06/27/2010 SJ Web Edition ;
; Revision Name                      ; HiddenLayer                              ;
; Top-level Entity Name              ; HiddenLayer_download                     ;
; Family                             ; Cyclone IV E                             ;
; Total logic elements               ; 17                                       ;
;     Total combinational functions  ; 17                                       ;
;     Dedicated logic registers      ; 5                                        ;
; Total registers                    ; 5                                        ;
; Total pins                         ; 113                                      ;
; Total virtual pins                 ; 0                                        ;
; Total memory bits                  ; 0                                        ;
; Embedded Multiplier 9-bit elements ; 0                                        ;
; Total PLLs                         ; 0                                        ;
+------------------------------------+------------------------------------------+


+------------------------------------------------------------------------------------------------------------------------+
; Analysis & Synthesis Settings                                                                                          ;
+----------------------------------------------------------------------------+----------------------+--------------------+
; Option                                                                     ; Setting              ; Default Value      ;
+----------------------------------------------------------------------------+----------------------+--------------------+
; Device                                                                     ; EP4CE115F29C7        ;                    ;
; Top-level entity name                                                      ; HiddenLayer_download ; HiddenLayer        ;
; Family name                                                                ; Cyclone IV E         ; Stratix II         ;
; Use smart compilation                                                      ; Off                  ; Off                ;
; Enable parallel Assembler and TimeQuest Timing Analyzer during compilation ; On                   ; On                 ;
; Enable compact report table                                                ; Off                  ; Off                ;
; Restructure Multiplexers                                                   ; Auto                 ; Auto               ;
; Create Debugging Nodes for IP Cores                                        ; Off                  ; Off                ;
; Preserve fewer node names                                                  ; On                   ; On                 ;
; Disable OpenCore Plus hardware evaluation                                  ; Off                  ; Off                ;
; Verilog Version                                                            ; Verilog_2001         ; Verilog_2001       ;
; VHDL Version                                                               ; VHDL_1993            ; VHDL_1993          ;
; State Machine Processing                                                   ; Auto                 ; Auto               ;
; Safe State Machine                                                         ; Off                  ; Off                ;
; Extract Verilog State Machines                                             ; On                   ; On                 ;
; Extract VHDL State Machines                                                ; On                   ; On                 ;
; Ignore Verilog initial constructs                                          ; Off                  ; Off                ;
; Iteration limit for constant Verilog loops                                 ; 5000                 ; 5000               ;
; Iteration limit for non-constant Verilog loops                             ; 250                  ; 250                ;
; Add Pass-Through Logic to Inferred RAMs                                    ; On                   ; On                 ;
; Parallel Synthesis                                                         ; On                   ; On                 ;
; DSP Block Balancing                                                        ; Auto                 ; Auto               ;
; NOT Gate Push-Back                                                         ; On                   ; On                 ;
; Power-Up Don't Care                                                        ; On                   ; On                 ;
; Remove Redundant Logic Cells                                               ; Off                  ; Off                ;
; Remove Duplicate Registers                                                 ; On                   ; On                 ;
; Ignore CARRY Buffers                                                       ; Off                  ; Off                ;
; Ignore CASCADE Buffers                                                     ; Off                  ; Off                ;
; Ignore GLOBAL Buffers                                                      ; Off                  ; Off                ;
; Ignore ROW GLOBAL Buffers                                                  ; Off                  ; Off                ;
; Ignore LCELL Buffers                                                       ; Off                  ; Off                ;
; Ignore SOFT Buffers                                                        ; On                   ; On                 ;
; Limit AHDL Integers to 32 Bits                                             ; Off                  ; Off                ;
; Optimization Technique                                                     ; Balanced             ; Balanced           ;
; Carry Chain Length                                                         ; 70                   ; 70                 ;
; Auto Carry Chains                                                          ; On                   ; On                 ;
; Auto Open-Drain Pins                                                       ; On                   ; On                 ;
; Perform WYSIWYG Primitive Resynthesis                                      ; Off                  ; Off                ;
; Auto ROM Replacement                                                       ; On                   ; On                 ;
; Auto RAM Replacement                                                       ; On                   ; On                 ;
; Auto DSP Block Replacement                                                 ; On                   ; On                 ;
; Auto Shift Register Replacement                                            ; Auto                 ; Auto               ;
; Auto Clock Enable Replacement                                              ; On                   ; On                 ;
; Strict RAM Replacement                                                     ; Off                  ; Off                ;
; Allow Synchronous Control Signals                                          ; On                   ; On                 ;
; Force Use of Synchronous Clear Signals                                     ; Off                  ; Off                ;
; Auto RAM Block Balancing                                                   ; On                   ; On                 ;
; Auto RAM to Logic Cell Conversion                                          ; Off                  ; Off                ;
; Auto Resource Sharing                                                      ; Off                  ; Off                ;
; Allow Any RAM Size For Recognition                                         ; Off                  ; Off                ;
; Allow Any ROM Size For Recognition                                         ; Off                  ; Off                ;
; Allow Any Shift Register Size For Recognition                              ; Off                  ; Off                ;
; Use LogicLock Constraints during Resource Balancing                        ; On                   ; On                 ;
; Ignore translate_off and synthesis_off directives                          ; Off                  ; Off                ;
; Timing-Driven Synthesis                                                    ; On                   ; On                 ;
; Report Parameter Settings                                                  ; On                   ; On                 ;
; Report Source Assignments                                                  ; On                   ; On                 ;
; Report Connectivity Checks                                                 ; On                   ; On                 ;
; Ignore Maximum Fan-Out Assignments                                         ; Off                  ; Off                ;
; Synchronization Register Chain Length                                      ; 2                    ; 2                  ;
; PowerPlay Power Optimization                                               ; Normal compilation   ; Normal compilation ;
; HDL message level                                                          ; Level2               ; Level2             ;
; Suppress Register Optimization Related Messages                            ; Off                  ; Off                ;
; Number of Removed Registers Reported in Synthesis Report                   ; 5000                 ; 5000               ;
; Number of Inverted Registers Reported in Synthesis Report                  ; 100                  ; 100                ;
; Clock MUX Protection                                                       ; On                   ; On                 ;
; Auto Gated Clock Conversion                                                ; Off                  ; Off                ;
; Block Design Naming                                                        ; Auto                 ; Auto               ;
; SDC constraint protection                                                  ; Off                  ; Off                ;
; Synthesis Effort                                                           ; Auto                 ; Auto               ;
; Shift Register Replacement - Allow Asynchronous Clear Signal               ; On                   ; On                 ;
; Analysis & Synthesis Message Level                                         ; Medium               ; Medium             ;
; Disable Register Merging Across Hierarchies                                ; Auto                 ; Auto               ;
; Resource Aware Inference For Block RAM                                     ; On                   ; On                 ;
; Synthesis Seed                                                             ; 1                    ; 1                  ;
+----------------------------------------------------------------------------+----------------------+--------------------+


Parallel compilation was disabled, but you have multiple processors available. Enable parallel compilation to reduce compilation time.
+-------------------------------------+
; Parallel Compilation                ;
+----------------------------+--------+
; Processors                 ; Number ;
+----------------------------+--------+
; Number detected on machine ; 4      ;
; Maximum allowed            ; 1      ;
+----------------------------+--------+


+------------------------------------------------------------------------------------------------------------------------------------------------------------------------------------+
; Analysis & Synthesis Source Files Read                                                                                                                                             ;
+------------------------------------------+-----------------+------------------------------+----------------------------------------------------------------------------------------+
; File Name with User-Entered Path         ; Used in Netlist ; File Type                    ; File Name with Absolute Path                                                           ;
+------------------------------------------+-----------------+------------------------------+----------------------------------------------------------------------------------------+
; ../WeightInitiallize/_7SegmentDisplay.sv ; yes             ; User SystemVerilog HDL File  ; C:/Users/MED203-8/Desktop/FYP_DrowsinessDetector/WeightInitiallize/_7SegmentDisplay.sv ;
; ActivationFunc.sv                        ; yes             ; User SystemVerilog HDL File  ; C:/Users/MED203-8/Desktop/FYP_DrowsinessDetector/HiddenLayer/ActivationFunc.sv         ;
; multiply.sv                              ; yes             ; User SystemVerilog HDL File  ; C:/Users/MED203-8/Desktop/FYP_DrowsinessDetector/HiddenLayer/multiply.sv               ;
; HiddenLayer.sv                           ; yes             ; User SystemVerilog HDL File  ; C:/Users/MED203-8/Desktop/FYP_DrowsinessDetector/HiddenLayer/HiddenLayer.sv            ;
; HiddenNeuron.sv                          ; yes             ; User SystemVerilog HDL File  ; C:/Users/MED203-8/Desktop/FYP_DrowsinessDetector/HiddenLayer/HiddenNeuron.sv           ;
; OutputNeuron.sv                          ; yes             ; User SystemVerilog HDL File  ; C:/Users/MED203-8/Desktop/FYP_DrowsinessDetector/HiddenLayer/OutputNeuron.sv           ;
; HiddenLayer_download.sv                  ; yes             ; User SystemVerilog HDL File  ; C:/Users/MED203-8/Desktop/FYP_DrowsinessDetector/HiddenLayer/HiddenLayer_download.sv   ;
; lpm_divide.tdf                           ; yes             ; Megafunction                 ; c:/altera/10.0/quartus/libraries/megafunctions/lpm_divide.tdf                          ;
; db/lpm_divide_b2p.tdf                    ; yes             ; Auto-Generated Megafunction  ; C:/Users/MED203-8/Desktop/FYP_DrowsinessDetector/HiddenLayer/db/lpm_divide_b2p.tdf     ;
; db/abs_divider_4dg.tdf                   ; yes             ; Auto-Generated Megafunction  ; C:/Users/MED203-8/Desktop/FYP_DrowsinessDetector/HiddenLayer/db/abs_divider_4dg.tdf    ;
; db/alt_u_div_m6f.tdf                     ; yes             ; Auto-Generated Megafunction  ; C:/Users/MED203-8/Desktop/FYP_DrowsinessDetector/HiddenLayer/db/alt_u_div_m6f.tdf      ;
; db/lpm_abs_2t9.tdf                       ; yes             ; Auto-Generated Megafunction  ; C:/Users/MED203-8/Desktop/FYP_DrowsinessDetector/HiddenLayer/db/lpm_abs_2t9.tdf        ;
+------------------------------------------+-----------------+------------------------------+----------------------------------------------------------------------------------------+


+--------------------------------------------------------------+
; Analysis & Synthesis Resource Usage Summary                  ;
+---------------------------------------------+----------------+
; Resource                                    ; Usage          ;
+---------------------------------------------+----------------+
; Estimated Total logic elements              ; 17             ;
;                                             ;                ;
; Total combinational functions               ; 17             ;
; Logic element usage by number of LUT inputs ;                ;
;     -- 4 input functions                    ; 8              ;
;     -- 3 input functions                    ; 8              ;
;     -- <=2 input functions                  ; 1              ;
;                                             ;                ;
; Logic elements by mode                      ;                ;
;     -- normal mode                          ; 17             ;
;     -- arithmetic mode                      ; 0              ;
;                                             ;                ;
; Total registers                             ; 5              ;
;     -- Dedicated logic registers            ; 5              ;
;     -- I/O registers                        ; 0              ;
;                                             ;                ;
; I/O pins                                    ; 113            ;
; Maximum fan-out node                        ; outVal_t[0][2] ;
; Maximum fan-out                             ; 12             ;
; Total fan-out                               ; 205            ;
; Average fan-out                             ; 0.83           ;
+---------------------------------------------+----------------+


+----------------------------------------------------------------------------------------------------------------------------------------------------------------------------------------------------------------------------+
; Analysis & Synthesis Resource Utilization by Entity                                                                                                                                                                        ;
+---------------------------------+-------------------+--------------+-------------+------------+--------------+---------+-----------+------+--------------+--------------------------------------------------+--------------+
; Compilation Hierarchy Node      ; LC Combinationals ; LC Registers ; Memory Bits ; DSP Blocks ; DSP Elements ; DSP 9x9 ; DSP 18x18 ; Pins ; Virtual Pins ; Full Hierarchy Name                              ; Library Name ;
+---------------------------------+-------------------+--------------+-------------+------------+--------------+---------+-----------+------+--------------+--------------------------------------------------+--------------+
; |HiddenLayer_download           ; 17 (2)            ; 5 (1)        ; 0           ; 0          ; 0            ; 0       ; 0         ; 113  ; 0            ; |HiddenLayer_download                            ;              ;
;    |HiddenLayer:download|       ; 8 (8)             ; 4 (4)        ; 0           ; 0          ; 0            ; 0       ; 0         ; 0    ; 0            ; |HiddenLayer_download|HiddenLayer:download       ;              ;
;    |_7SegmentDisplay:stateShow| ; 7 (7)             ; 0 (0)        ; 0           ; 0          ; 0            ; 0       ; 0         ; 0    ; 0            ; |HiddenLayer_download|_7SegmentDisplay:stateShow ;              ;
+---------------------------------+-------------------+--------------+-------------+------------+--------------+---------+-----------+------+--------------+--------------------------------------------------+--------------+
Note: For table entries with two numbers listed, the numbers in parentheses indicate the number of resources of the given type used by the specific entity alone. The numbers listed outside of parentheses indicate the total resources of the given type used by the specific entity and all of its sub-entities in the hierarchy.


+---------------------------------------------------------------------------------------------------------+
; User-Specified and Inferred Latches                                                                     ;
+----------------------------------------------------+---------------------------+------------------------+
; Latch Name                                         ; Latch Enable Signal       ; Free of Timing Hazards ;
+----------------------------------------------------+---------------------------+------------------------+
; HiddenLayer:download|nextstate[0]                  ; HiddenLayer:download|Mux6 ; yes                    ;
; HiddenLayer:download|nextstate[1]                  ; HiddenLayer:download|Mux6 ; yes                    ;
; HiddenLayer:download|nextstate[2]                  ; HiddenLayer:download|Mux6 ; yes                    ;
; HiddenLayer:download|nextstate[3]                  ; HiddenLayer:download|Mux6 ; yes                    ;
; Number of user-specified and inferred latches = 4  ;                           ;                        ;
+----------------------------------------------------+---------------------------+------------------------+
Note: All latches listed above may not be present at the end of synthesis due to various synthesis optimizations.


+----------------------------------------------------------------------------------+
; Registers Removed During Synthesis                                               ;
+-----------------------------------------+----------------------------------------+
; Register name                           ; Reason for Removal                     ;
+-----------------------------------------+----------------------------------------+
; outVal_t[2][3]                          ; Stuck at GND due to stuck port data_in ;
; outVal_t[2][2]                          ; Stuck at GND due to stuck port data_in ;
; inVal[9][9]                             ; Lost fanout                            ;
; inVal[9][8]                             ; Lost fanout                            ;
; inVal[9][7]                             ; Lost fanout                            ;
; inVal[9][6]                             ; Lost fanout                            ;
; inVal[9][5]                             ; Lost fanout                            ;
; inVal[9][4]                             ; Lost fanout                            ;
; inVal[9][3]                             ; Lost fanout                            ;
; inVal[9][2]                             ; Lost fanout                            ;
; inVal[9][1]                             ; Lost fanout                            ;
; inVal[9][0]                             ; Lost fanout                            ;
; inVal[8][9]                             ; Lost fanout                            ;
; inVal[8][8]                             ; Lost fanout                            ;
; inVal[8][7]                             ; Lost fanout                            ;
; inVal[8][6]                             ; Lost fanout                            ;
; inVal[8][5]                             ; Lost fanout                            ;
; inVal[8][4]                             ; Lost fanout                            ;
; inVal[8][3]                             ; Lost fanout                            ;
; inVal[8][2]                             ; Lost fanout                            ;
; inVal[8][1]                             ; Lost fanout                            ;
; inVal[8][0]                             ; Lost fanout                            ;
; inVal[7][9]                             ; Lost fanout                            ;
; inVal[7][8]                             ; Lost fanout                            ;
; inVal[7][7]                             ; Lost fanout                            ;
; inVal[7][6]                             ; Lost fanout                            ;
; inVal[7][5]                             ; Lost fanout                            ;
; inVal[7][4]                             ; Lost fanout                            ;
; inVal[7][3]                             ; Lost fanout                            ;
; inVal[7][2]                             ; Lost fanout                            ;
; inVal[7][1]                             ; Lost fanout                            ;
; inVal[7][0]                             ; Lost fanout                            ;
; inVal[6][9]                             ; Lost fanout                            ;
; inVal[6][8]                             ; Lost fanout                            ;
; inVal[6][7]                             ; Lost fanout                            ;
; inVal[6][6]                             ; Lost fanout                            ;
; inVal[6][5]                             ; Lost fanout                            ;
; inVal[6][4]                             ; Lost fanout                            ;
; inVal[6][3]                             ; Lost fanout                            ;
; inVal[6][2]                             ; Lost fanout                            ;
; inVal[6][1]                             ; Lost fanout                            ;
; inVal[6][0]                             ; Lost fanout                            ;
; inVal[5][9]                             ; Lost fanout                            ;
; inVal[5][8]                             ; Lost fanout                            ;
; inVal[5][7]                             ; Lost fanout                            ;
; inVal[5][6]                             ; Lost fanout                            ;
; inVal[5][5]                             ; Lost fanout                            ;
; inVal[5][4]                             ; Lost fanout                            ;
; inVal[5][3]                             ; Lost fanout                            ;
; inVal[5][2]                             ; Lost fanout                            ;
; inVal[5][1]                             ; Lost fanout                            ;
; inVal[5][0]                             ; Lost fanout                            ;
; inVal[4][9]                             ; Lost fanout                            ;
; inVal[4][8]                             ; Lost fanout                            ;
; inVal[4][7]                             ; Lost fanout                            ;
; inVal[4][6]                             ; Lost fanout                            ;
; inVal[4][5]                             ; Lost fanout                            ;
; inVal[4][4]                             ; Lost fanout                            ;
; inVal[4][3]                             ; Lost fanout                            ;
; inVal[4][2]                             ; Lost fanout                            ;
; inVal[4][1]                             ; Lost fanout                            ;
; inVal[4][0]                             ; Lost fanout                            ;
; inVal[3][9]                             ; Lost fanout                            ;
; inVal[3][8]                             ; Lost fanout                            ;
; inVal[3][7]                             ; Lost fanout                            ;
; inVal[3][6]                             ; Lost fanout                            ;
; inVal[3][5]                             ; Lost fanout                            ;
; inVal[3][4]                             ; Lost fanout                            ;
; inVal[3][3]                             ; Lost fanout                            ;
; inVal[3][2]                             ; Lost fanout                            ;
; inVal[3][1]                             ; Lost fanout                            ;
; inVal[3][0]                             ; Lost fanout                            ;
; inVal[2][9]                             ; Lost fanout                            ;
; inVal[2][8]                             ; Lost fanout                            ;
; inVal[2][7]                             ; Lost fanout                            ;
; inVal[2][6]                             ; Lost fanout                            ;
; inVal[2][5]                             ; Lost fanout                            ;
; inVal[2][4]                             ; Lost fanout                            ;
; inVal[2][3]                             ; Lost fanout                            ;
; inVal[2][2]                             ; Lost fanout                            ;
; inVal[2][1]                             ; Lost fanout                            ;
; inVal[2][0]                             ; Lost fanout                            ;
; inVal[1][9]                             ; Lost fanout                            ;
; inVal[1][8]                             ; Lost fanout                            ;
; inVal[1][7]                             ; Lost fanout                            ;
; inVal[1][6]                             ; Lost fanout                            ;
; inVal[1][5]                             ; Lost fanout                            ;
; inVal[1][4]                             ; Lost fanout                            ;
; inVal[1][3]                             ; Lost fanout                            ;
; inVal[1][2]                             ; Lost fanout                            ;
; inVal[1][1]                             ; Lost fanout                            ;
; inVal[1][0]                             ; Lost fanout                            ;
; inVal[0][9]                             ; Lost fanout                            ;
; inVal_t[9]                              ; Lost fanout                            ;
; inVal[0][8]                             ; Lost fanout                            ;
; inVal_t[8]                              ; Lost fanout                            ;
; inVal[0][7]                             ; Lost fanout                            ;
; inVal_t[7]                              ; Lost fanout                            ;
; inVal[0][6]                             ; Lost fanout                            ;
; inVal_t[6]                              ; Lost fanout                            ;
; inVal[0][5]                             ; Lost fanout                            ;
; inVal_t[5]                              ; Lost fanout                            ;
; inVal[0][4]                             ; Lost fanout                            ;
; inVal_t[4]                              ; Lost fanout                            ;
; inVal[0][3]                             ; Lost fanout                            ;
; inVal_t[3]                              ; Lost fanout                            ;
; inVal[0][2]                             ; Lost fanout                            ;
; inVal_t[2]                              ; Lost fanout                            ;
; inVal[0][1]                             ; Lost fanout                            ;
; inVal_t[1]                              ; Lost fanout                            ;
; inVal[0][0]                             ; Lost fanout                            ;
; inVal_t[0]                              ; Lost fanout                            ;
; outVal_t[2][1]                          ; Merged with outVal_t[0][0]             ;
; outVal_t[0][3]                          ; Merged with outVal_t[0][1]             ;
; outVal_t[1][0]                          ; Merged with outVal_t[0][2]             ;
; outVal_t[1][2]                          ; Merged with outVal_t[0][2]             ;
; outVal_t[1][3]                          ; Merged with outVal_t[1][1]             ;
; outVal_t[2][0]                          ; Merged with outVal_t[1][1]             ;
; outVal_t[1][1]                          ; Merged with outVal_t[0][2]             ;
; outVal_t[0][1]                          ; Stuck at GND due to stuck port data_in ;
; outVal_t[0][0]                          ; Stuck at GND due to stuck port data_in ;
; Total Number of Removed Registers = 121 ;                                        ;
+-----------------------------------------+----------------------------------------+


+-----------------------------------------------------------------------------+
; Removed Registers Triggering Further Register Optimizations                 ;
+---------------+--------------------+----------------------------------------+
; Register name ; Reason for Removal ; Registers Removed due to This Register ;
+---------------+--------------------+----------------------------------------+
; inVal[9][9]   ; Lost Fanouts       ; inVal_t[9]                             ;
; inVal[9][8]   ; Lost Fanouts       ; inVal_t[8]                             ;
; inVal[9][7]   ; Lost Fanouts       ; inVal_t[7]                             ;
; inVal[9][6]   ; Lost Fanouts       ; inVal_t[6]                             ;
; inVal[9][5]   ; Lost Fanouts       ; inVal_t[5]                             ;
; inVal[9][4]   ; Lost Fanouts       ; inVal_t[4]                             ;
; inVal[9][3]   ; Lost Fanouts       ; inVal_t[3]                             ;
; inVal[9][2]   ; Lost Fanouts       ; inVal_t[2]                             ;
; inVal[9][1]   ; Lost Fanouts       ; inVal_t[1]                             ;
; inVal[9][0]   ; Lost Fanouts       ; inVal_t[0]                             ;
+---------------+--------------------+----------------------------------------+


+------------------------------------------------------+
; General Register Statistics                          ;
+----------------------------------------------+-------+
; Statistic                                    ; Value ;
+----------------------------------------------+-------+
; Total registers                              ; 5     ;
; Number of registers using Synchronous Clear  ; 0     ;
; Number of registers using Synchronous Load   ; 0     ;
; Number of registers using Asynchronous Clear ; 4     ;
; Number of registers using Asynchronous Load  ; 0     ;
; Number of registers using Clock Enable       ; 1     ;
; Number of registers using Preset             ; 0     ;
+----------------------------------------------+-------+


+----------------------------------------------------------------------------------------------------------------------------------------------------+
; Multiplexer Restructuring Statistics (Restructuring Performed)                                                                                     ;
+--------------------+-----------+---------------+----------------------+------------------------+------------+--------------------------------------+
; Multiplexer Inputs ; Bus Width ; Baseline Area ; Area if Restructured ; Saving if Restructured ; Registered ; Example Multiplexer Output           ;
+--------------------+-----------+---------------+----------------------+------------------------+------------+--------------------------------------+
; 8:1                ; 10 bits   ; 50 LEs        ; 40 LEs               ; 10 LEs                 ; Yes        ; |HiddenLayer_download|outVal_t[0][3] ;
+--------------------+-----------+---------------+----------------------+------------------------+------------+--------------------------------------+


+----------------------------------------------------------------------------------------------------------------------------------+
; Parameter Settings for Inferred Entity Instance: HiddenLayer:download|HiddenNeuron:hNeuron|ActivationFunc:callAF|lpm_divide:Div0 ;
+------------------------+----------------+----------------------------------------------------------------------------------------+
; Parameter Name         ; Value          ; Type                                                                                   ;
+------------------------+----------------+----------------------------------------------------------------------------------------+
; LPM_WIDTHN             ; 25             ; Untyped                                                                                ;
; LPM_WIDTHD             ; 32             ; Untyped                                                                                ;
; LPM_NREPRESENTATION    ; SIGNED         ; Untyped                                                                                ;
; LPM_DREPRESENTATION    ; SIGNED         ; Untyped                                                                                ;
; LPM_PIPELINE           ; 0              ; Untyped                                                                                ;
; LPM_REMAINDERPOSITIVE  ; FALSE          ; Untyped                                                                                ;
; MAXIMIZE_SPEED         ; 5              ; Untyped                                                                                ;
; CBXI_PARAMETER         ; lpm_divide_b2p ; Untyped                                                                                ;
; CARRY_CHAIN            ; MANUAL         ; Untyped                                                                                ;
; OPTIMIZE_FOR_SPEED     ; 5              ; Untyped                                                                                ;
; AUTO_CARRY_CHAINS      ; ON             ; AUTO_CARRY                                                                             ;
; IGNORE_CARRY_BUFFERS   ; OFF            ; IGNORE_CARRY                                                                           ;
; AUTO_CASCADE_CHAINS    ; ON             ; AUTO_CASCADE                                                                           ;
; IGNORE_CASCADE_BUFFERS ; OFF            ; IGNORE_CASCADE                                                                         ;
+------------------------+----------------+----------------------------------------------------------------------------------------+
Note: In order to hide this table in the UI and the text report file, please set the "Show Parameter Settings in Synthesis Report" option in "Analysis and Synthesis Settings -> More Settings" to "Off".


+------------------------------------------------------------------------+
; Port Connectivity Checks: "HiddenLayer:download|OutputNeuron:oNeuron0" ;
+--------+-------+----------+--------------------------------------------+
; Port   ; Type  ; Severity ; Details                                    ;
+--------+-------+----------+--------------------------------------------+
; weight ; Input ; Info     ; Stuck at GND                               ;
+--------+-------+----------+--------------------------------------------+


+-----------------------------------------------------------------------+
; Port Connectivity Checks: "HiddenLayer:download|HiddenNeuron:hNeuron" ;
+--------+-------+----------+-------------------------------------------+
; Port   ; Type  ; Severity ; Details                                   ;
+--------+-------+----------+-------------------------------------------+
; weight ; Input ; Info     ; Stuck at GND                              ;
+--------+-------+----------+-------------------------------------------+


+-------------------------------------------------------------------------------------------------------------------+
; Port Connectivity Checks: "HiddenLayer:download"                                                                  ;
+---------+--------+----------+-------------------------------------------------------------------------------------+
; Port    ; Type   ; Severity ; Details                                                                             ;
+---------+--------+----------+-------------------------------------------------------------------------------------+
; outVal1 ; Output ; Info     ; Connected to dangling logic. Logic that only feeds a dangling port will be removed. ;
; address ; Output ; Info     ; Connected to dangling logic. Logic that only feeds a dangling port will be removed. ;
+---------+--------+----------+-------------------------------------------------------------------------------------+


+-------------------------------+
; Analysis & Synthesis Messages ;
+-------------------------------+
Info: *******************************************************************
Info: Running Quartus II Analysis & Synthesis
    Info: Version 10.0 Build 218 06/27/2010 SJ Web Edition
    Info: Processing started: Fri Dec 15 09:26:30 2017
Info: Command: quartus_map --read_settings_files=on --write_settings_files=off HiddenLayer -c HiddenLayer
Info: Found 1 design units, including 1 entities, in source file /users/med203-8/desktop/fyp_drowsinessdetector/weightinitiallize/_7segmentdisplay.sv
    Info: Found entity 1: _7SegmentDisplay
Info: Found 1 design units, including 1 entities, in source file hiddenlayer_tb.sv
    Info: Found entity 1: HiddenLayer_tb
Info: Found 1 design units, including 1 entities, in source file /users/med203-8/desktop/fyp_drowsinessdetector/weightinitiallize/lfsr.sv
    Info: Found entity 1: LFSR
Info: Found 1 design units, including 1 entities, in source file /users/med203-8/desktop/fyp_drowsinessdetector/weightinitiallize/clk_div.sv
    Info: Found entity 1: clk_div
Info: Found 1 design units, including 1 entities, in source file activationfunc.sv
    Info: Found entity 1: ActivationFunc
Info: Found 1 design units, including 1 entities, in source file multiply.sv
    Info: Found entity 1: multiply
Info: Found 1 design units, including 1 entities, in source file /users/med203-8/desktop/fyp_drowsinessdetector/weightinitiallize/weightram.sv
    Info: Found entity 1: WeightRAM
Info: Found 1 design units, including 1 entities, in source file hiddenlayer.sv
    Info: Found entity 1: HiddenLayer
Info: Found 1 design units, including 1 entities, in source file hiddenneuron.sv
    Info: Found entity 1: HiddenNeuron
Info: Found 1 design units, including 1 entities, in source file outputneuron.sv
    Info: Found entity 1: OutputNeuron
Info: Found 1 design units, including 1 entities, in source file hiddenlayer_download.sv
    Info: Found entity 1: HiddenLayer_download
Info: Found 1 design units, including 1 entities, in source file hiddenlayer_top.sv
    Info: Found entity 1: HiddenLayer_top
Info: Found 1 design units, including 1 entities, in source file hiddenlayer_top_tb.sv
    Info: Found entity 1: HiddenLayer_top_tb
Info: Elaborating entity "HiddenLayer_download" for the top level hierarchy
Warning (10036): Verilog HDL or VHDL warning at HiddenLayer_download.sv(9): object "outVal1" assigned a value but never read
Warning (10034): Output port "LEDR" at HiddenLayer_download.sv(5) has no driver
Warning (10034): Output port "LEDG" at HiddenLayer_download.sv(6) has no driver
Warning (10034): Output port "HEX3" at HiddenLayer_download.sv(6) has no driver
Warning (10034): Output port "HEX4" at HiddenLayer_download.sv(6) has no driver
Warning (10034): Output port "HEX5" at HiddenLayer_download.sv(6) has no driver
Warning (10034): Output port "HEX6" at HiddenLayer_download.sv(6) has no driver
Info: Elaborating entity "_7SegmentDisplay" for hierarchy "_7SegmentDisplay:out0"
Info: Elaborating entity "HiddenLayer" for hierarchy "HiddenLayer:download"
Warning (10036): Verilog HDL or VHDL warning at HiddenLayer.sv(10): object "address1" assigned a value but never read
Warning (10858): Verilog HDL warning at HiddenLayer.sv(20): object weight0 used but never assigned
Warning (10858): Verilog HDL warning at HiddenLayer.sv(21): object weight1 used but never assigned
Warning (10235): Verilog HDL Always Construct warning at HiddenLayer.sv(39): variable "out0" is read inside the Always Construct but isn't in the Always Construct's Event Control
Warning (10235): Verilog HDL Always Construct warning at HiddenLayer.sv(40): variable "out1" is read inside the Always Construct but isn't in the Always Construct's Event Control
Warning (10235): Verilog HDL Always Construct warning at HiddenLayer.sv(49): variable "out0" is read inside the Always Construct but isn't in the Always Construct's Event Control
Warning (10235): Verilog HDL Always Construct warning at HiddenLayer.sv(50): variable "out1" is read inside the Always Construct but isn't in the Always Construct's Event Control
Warning (10235): Verilog HDL Always Construct warning at HiddenLayer.sv(59): variable "out0" is read inside the Always Construct but isn't in the Always Construct's Event Control
Warning (10235): Verilog HDL Always Construct warning at HiddenLayer.sv(60): variable "out1" is read inside the Always Construct but isn't in the Always Construct's Event Control
Warning (10235): Verilog HDL Always Construct warning at HiddenLayer.sv(68): variable "out0" is read inside the Always Construct but isn't in the Always Construct's Event Control
Warning (10235): Verilog HDL Always Construct warning at HiddenLayer.sv(76): variable "out0" is read inside the Always Construct but isn't in the Always Construct's Event Control
Warning (10270): Verilog HDL Case Statement warning at HiddenLayer.sv(32): incomplete case statement has no default case item
Warning (10240): Verilog HDL Always Construct warning at HiddenLayer.sv(31): inferring latch(es) for variable "nextstate", which holds its previous value in one or more paths through the always construct
Warning (10240): Verilog HDL Always Construct warning at HiddenLayer.sv(31): inferring latch(es) for variable "address", which holds its previous value in one or more paths through the always construct
Warning (10030): Net "weight0" at HiddenLayer.sv(20) has no driver or initial value, using a default initial value '0'
Warning (10030): Net "weight1" at HiddenLayer.sv(21) has no driver or initial value, using a default initial value '0'
Info (10041): Inferred latch for "outVal1[2][0]" at HiddenLayer.sv(31)
Info (10041): Inferred latch for "outVal1[2][1]" at HiddenLayer.sv(31)
Info (10041): Inferred latch for "outVal1[2][2]" at HiddenLayer.sv(31)
Info (10041): Inferred latch for "outVal1[2][3]" at HiddenLayer.sv(31)
Info (10041): Inferred latch for "outVal1[2][4]" at HiddenLayer.sv(31)
Info (10041): Inferred latch for "outVal1[2][5]" at HiddenLayer.sv(31)
Info (10041): Inferred latch for "outVal1[2][6]" at HiddenLayer.sv(31)
Info (10041): Inferred latch for "outVal1[2][7]" at HiddenLayer.sv(31)
Info (10041): Inferred latch for "outVal1[2][8]" at HiddenLayer.sv(31)
Info (10041): Inferred latch for "outVal1[2][9]" at HiddenLayer.sv(31)
Info (10041): Inferred latch for "outVal1[1][0]" at HiddenLayer.sv(31)
Info (10041): Inferred latch for "outVal1[1][1]" at HiddenLayer.sv(31)
Info (10041): Inferred latch for "outVal1[1][2]" at HiddenLayer.sv(31)
Info (10041): Inferred latch for "outVal1[1][3]" at HiddenLayer.sv(31)
Info (10041): Inferred latch for "outVal1[1][4]" at HiddenLayer.sv(31)
Info (10041): Inferred latch for "outVal1[1][5]" at HiddenLayer.sv(31)
Info (10041): Inferred latch for "outVal1[1][6]" at HiddenLayer.sv(31)
Info (10041): Inferred latch for "outVal1[1][7]" at HiddenLayer.sv(31)
Info (10041): Inferred latch for "outVal1[1][8]" at HiddenLayer.sv(31)
Info (10041): Inferred latch for "outVal1[1][9]" at HiddenLayer.sv(31)
Info (10041): Inferred latch for "outVal1[0][0]" at HiddenLayer.sv(31)
Info (10041): Inferred latch for "outVal1[0][1]" at HiddenLayer.sv(31)
Info (10041): Inferred latch for "outVal1[0][2]" at HiddenLayer.sv(31)
Info (10041): Inferred latch for "outVal1[0][3]" at HiddenLayer.sv(31)
Info (10041): Inferred latch for "outVal1[0][4]" at HiddenLayer.sv(31)
Info (10041): Inferred latch for "outVal1[0][5]" at HiddenLayer.sv(31)
Info (10041): Inferred latch for "outVal1[0][6]" at HiddenLayer.sv(31)
Info (10041): Inferred latch for "outVal1[0][7]" at HiddenLayer.sv(31)
Info (10041): Inferred latch for "outVal1[0][8]" at HiddenLayer.sv(31)
Info (10041): Inferred latch for "outVal1[0][9]" at HiddenLayer.sv(31)
Info (10041): Inferred latch for "address[0]" at HiddenLayer.sv(31)
Info (10041): Inferred latch for "address[1]" at HiddenLayer.sv(31)
Info (10041): Inferred latch for "address[2]" at HiddenLayer.sv(31)
Info (10041): Inferred latch for "address[3]" at HiddenLayer.sv(31)
Info (10041): Inferred latch for "address[4]" at HiddenLayer.sv(31)
Info (10041): Inferred latch for "address[5]" at HiddenLayer.sv(31)
Info (10041): Inferred latch for "address[6]" at HiddenLayer.sv(31)
Info (10041): Inferred latch for "nextstate[0]" at HiddenLayer.sv(31)
Info (10041): Inferred latch for "nextstate[1]" at HiddenLayer.sv(31)
Info (10041): Inferred latch for "nextstate[2]" at HiddenLayer.sv(31)
Info (10041): Inferred latch for "nextstate[3]" at HiddenLayer.sv(31)
Info (10041): Inferred latch for "outVal[4][0]" at HiddenLayer.sv(31)
Info (10041): Inferred latch for "outVal[4][1]" at HiddenLayer.sv(31)
Info (10041): Inferred latch for "outVal[4][2]" at HiddenLayer.sv(31)
Info (10041): Inferred latch for "outVal[4][3]" at HiddenLayer.sv(31)
Info (10041): Inferred latch for "outVal[4][4]" at HiddenLayer.sv(31)
Info (10041): Inferred latch for "outVal[4][5]" at HiddenLayer.sv(31)
Info (10041): Inferred latch for "outVal[4][6]" at HiddenLayer.sv(31)
Info (10041): Inferred latch for "outVal[4][7]" at HiddenLayer.sv(31)
Info (10041): Inferred latch for "outVal[4][8]" at HiddenLayer.sv(31)
Info (10041): Inferred latch for "outVal[4][9]" at HiddenLayer.sv(31)
Info (10041): Inferred latch for "outVal[3][0]" at HiddenLayer.sv(31)
Info (10041): Inferred latch for "outVal[3][1]" at HiddenLayer.sv(31)
Info (10041): Inferred latch for "outVal[3][2]" at HiddenLayer.sv(31)
Info (10041): Inferred latch for "outVal[3][3]" at HiddenLayer.sv(31)
Info (10041): Inferred latch for "outVal[3][4]" at HiddenLayer.sv(31)
Info (10041): Inferred latch for "outVal[3][5]" at HiddenLayer.sv(31)
Info (10041): Inferred latch for "outVal[3][6]" at HiddenLayer.sv(31)
Info (10041): Inferred latch for "outVal[3][7]" at HiddenLayer.sv(31)
Info (10041): Inferred latch for "outVal[3][8]" at HiddenLayer.sv(31)
Info (10041): Inferred latch for "outVal[3][9]" at HiddenLayer.sv(31)
Info (10041): Inferred latch for "outVal[2][0]" at HiddenLayer.sv(31)
Info (10041): Inferred latch for "outVal[2][1]" at HiddenLayer.sv(31)
Info (10041): Inferred latch for "outVal[2][2]" at HiddenLayer.sv(31)
Info (10041): Inferred latch for "outVal[2][3]" at HiddenLayer.sv(31)
Info (10041): Inferred latch for "outVal[2][4]" at HiddenLayer.sv(31)
Info (10041): Inferred latch for "outVal[2][5]" at HiddenLayer.sv(31)
Info (10041): Inferred latch for "outVal[2][6]" at HiddenLayer.sv(31)
Info (10041): Inferred latch for "outVal[2][7]" at HiddenLayer.sv(31)
Info (10041): Inferred latch for "outVal[2][8]" at HiddenLayer.sv(31)
Info (10041): Inferred latch for "outVal[2][9]" at HiddenLayer.sv(31)
Info (10041): Inferred latch for "outVal[1][0]" at HiddenLayer.sv(31)
Info (10041): Inferred latch for "outVal[1][1]" at HiddenLayer.sv(31)
Info (10041): Inferred latch for "outVal[1][2]" at HiddenLayer.sv(31)
Info (10041): Inferred latch for "outVal[1][3]" at HiddenLayer.sv(31)
Info (10041): Inferred latch for "outVal[1][4]" at HiddenLayer.sv(31)
Info (10041): Inferred latch for "outVal[1][5]" at HiddenLayer.sv(31)
Info (10041): Inferred latch for "outVal[1][6]" at HiddenLayer.sv(31)
Info (10041): Inferred latch for "outVal[1][7]" at HiddenLayer.sv(31)
Info (10041): Inferred latch for "outVal[1][8]" at HiddenLayer.sv(31)
Info (10041): Inferred latch for "outVal[1][9]" at HiddenLayer.sv(31)
Info (10041): Inferred latch for "outVal[0][0]" at HiddenLayer.sv(31)
Info (10041): Inferred latch for "outVal[0][1]" at HiddenLayer.sv(31)
Info (10041): Inferred latch for "outVal[0][2]" at HiddenLayer.sv(31)
Info (10041): Inferred latch for "outVal[0][3]" at HiddenLayer.sv(31)
Info (10041): Inferred latch for "outVal[0][4]" at HiddenLayer.sv(31)
Info (10041): Inferred latch for "outVal[0][5]" at HiddenLayer.sv(31)
Info (10041): Inferred latch for "outVal[0][6]" at HiddenLayer.sv(31)
Info (10041): Inferred latch for "outVal[0][7]" at HiddenLayer.sv(31)
Info (10041): Inferred latch for "outVal[0][8]" at HiddenLayer.sv(31)
Info (10041): Inferred latch for "outVal[0][9]" at HiddenLayer.sv(31)
Info: Elaborating entity "HiddenNeuron" for hierarchy "HiddenLayer:download|HiddenNeuron:hNeuron"
Info: Elaborating entity "multiply" for hierarchy "HiddenLayer:download|HiddenNeuron:hNeuron|multiply:mul0"
Warning (10230): Verilog HDL assignment warning at multiply.sv(9): truncated value with size 32 to match size of target (10)
Info: Elaborating entity "ActivationFunc" for hierarchy "HiddenLayer:download|HiddenNeuron:hNeuron|ActivationFunc:callAF"
Warning (10230): Verilog HDL assignment warning at ActivationFunc.sv(13): truncated value with size 32 to match size of target (10)
Info: Elaborating entity "OutputNeuron" for hierarchy "HiddenLayer:download|OutputNeuron:oNeuron0"
Info: Inferred 1 megafunctions from design logic
    Info: Inferred divider/modulo megafunction ("lpm_divide") from the following logic: "HiddenLayer:download|HiddenNeuron:hNeuron|ActivationFunc:callAF|Div0"
Info: Elaborated megafunction instantiation "HiddenLayer:download|HiddenNeuron:hNeuron|ActivationFunc:callAF|lpm_divide:Div0"
Info: Instantiated megafunction "HiddenLayer:download|HiddenNeuron:hNeuron|ActivationFunc:callAF|lpm_divide:Div0" with the following parameter:
    Info: Parameter "LPM_WIDTHN" = "25"
    Info: Parameter "LPM_WIDTHD" = "32"
    Info: Parameter "LPM_NREPRESENTATION" = "SIGNED"
    Info: Parameter "LPM_DREPRESENTATION" = "SIGNED"
    Info: Parameter "LPM_HINT" = "LPM_REMAINDERPOSITIVE=FALSE"
Info: Found 1 design units, including 1 entities, in source file db/lpm_divide_b2p.tdf
    Info: Found entity 1: lpm_divide_b2p
Info: Found 1 design units, including 1 entities, in source file db/abs_divider_4dg.tdf
    Info: Found entity 1: abs_divider_4dg
Info: Found 1 design units, including 1 entities, in source file db/alt_u_div_m6f.tdf
    Info: Found entity 1: alt_u_div_m6f
Info: Found 1 design units, including 1 entities, in source file db/lpm_abs_2t9.tdf
    Info: Found entity 1: lpm_abs_2t9
Warning: Latch HiddenLayer:download|nextstate[1] has unsafe behavior
    Warning: Ports D and ENA on the latch are fed by the same signal HiddenLayer:download|state[3]
Warning: Latch HiddenLayer:download|nextstate[2] has unsafe behavior
    Warning: Ports D and ENA on the latch are fed by the same signal HiddenLayer:download|state[2]
Warning: Latch HiddenLayer:download|nextstate[3] has unsafe behavior
    Warning: Ports D and ENA on the latch are fed by the same signal HiddenLayer:download|state[1]
Warning: Output pins are stuck at VCC or GND
    Warning (13410): Pin "LEDR[0]" is stuck at GND
    Warning (13410): Pin "LEDR[1]" is stuck at GND
    Warning (13410): Pin "LEDR[2]" is stuck at GND
    Warning (13410): Pin "LEDR[3]" is stuck at GND
    Warning (13410): Pin "LEDR[4]" is stuck at GND
    Warning (13410): Pin "LEDR[5]" is stuck at GND
    Warning (13410): Pin "LEDR[6]" is stuck at GND
    Warning (13410): Pin "LEDR[7]" is stuck at GND
    Warning (13410): Pin "LEDR[8]" is stuck at GND
    Warning (13410): Pin "LEDR[9]" is stuck at GND
    Warning (13410): Pin "LEDR[10]" is stuck at GND
    Warning (13410): Pin "LEDR[11]" is stuck at GND
    Warning (13410): Pin "LEDR[12]" is stuck at GND
    Warning (13410): Pin "LEDR[13]" is stuck at GND
    Warning (13410): Pin "LEDR[14]" is stuck at GND
    Warning (13410): Pin "LEDR[15]" is stuck at GND
    Warning (13410): Pin "LEDR[16]" is stuck at GND
    Warning (13410): Pin "LEDR[17]" is stuck at GND
    Warning (13410): Pin "LEDG[0]" is stuck at GND
    Warning (13410): Pin "LEDG[1]" is stuck at GND
    Warning (13410): Pin "LEDG[2]" is stuck at GND
    Warning (13410): Pin "LEDG[3]" is stuck at GND
    Warning (13410): Pin "LEDG[4]" is stuck at GND
    Warning (13410): Pin "LEDG[5]" is stuck at GND
    Warning (13410): Pin "LEDG[6]" is stuck at GND
    Warning (13410): Pin "LEDG[7]" is stuck at GND
    Warning (13410): Pin "HEX0[1]" is stuck at GND
    Warning (13410): Pin "HEX0[2]" is stuck at GND
    Warning (13410): Pin "HEX0[5]" is stuck at GND
    Warning (13410): Pin "HEX0[7]" is stuck at VCC
    Warning (13410): Pin "HEX1[0]" is stuck at GND
    Warning (13410): Pin "HEX1[4]" is stuck at GND
    Warning (13410): Pin "HEX1[5]" is stuck at GND
    Warning (13410): Pin "HEX1[7]" is stuck at VCC
    Warning (13410): Pin "HEX2[1]" is stuck at GND
    Warning (13410): Pin "HEX2[2]" is stuck at GND
    Warning (13410): Pin "HEX2[6]" is stuck at VCC
    Warning (13410): Pin "HEX2[7]" is stuck at VCC
    Warning (13410): Pin "HEX3[0]" is stuck at GND
    Warning (13410): Pin "HEX3[1]" is stuck at GND
    Warning (13410): Pin "HEX3[2]" is stuck at GND
    Warning (13410): Pin "HEX3[3]" is stuck at GND
    Warning (13410): Pin "HEX3[4]" is stuck at GND
    Warning (13410): Pin "HEX3[5]" is stuck at GND
    Warning (13410): Pin "HEX3[6]" is stuck at GND
    Warning (13410): Pin "HEX3[7]" is stuck at GND
    Warning (13410): Pin "HEX4[0]" is stuck at GND
    Warning (13410): Pin "HEX4[1]" is stuck at GND
    Warning (13410): Pin "HEX4[2]" is stuck at GND
    Warning (13410): Pin "HEX4[3]" is stuck at GND
    Warning (13410): Pin "HEX4[4]" is stuck at GND
    Warning (13410): Pin "HEX4[5]" is stuck at GND
    Warning (13410): Pin "HEX4[6]" is stuck at GND
    Warning (13410): Pin "HEX4[7]" is stuck at GND
    Warning (13410): Pin "HEX5[0]" is stuck at GND
    Warning (13410): Pin "HEX5[1]" is stuck at GND
    Warning (13410): Pin "HEX5[2]" is stuck at GND
    Warning (13410): Pin "HEX5[3]" is stuck at GND
    Warning (13410): Pin "HEX5[4]" is stuck at GND
    Warning (13410): Pin "HEX5[5]" is stuck at GND
    Warning (13410): Pin "HEX5[6]" is stuck at GND
    Warning (13410): Pin "HEX5[7]" is stuck at GND
    Warning (13410): Pin "HEX6[0]" is stuck at GND
    Warning (13410): Pin "HEX6[1]" is stuck at GND
    Warning (13410): Pin "HEX6[2]" is stuck at GND
    Warning (13410): Pin "HEX6[3]" is stuck at GND
    Warning (13410): Pin "HEX6[4]" is stuck at GND
    Warning (13410): Pin "HEX6[5]" is stuck at GND
    Warning (13410): Pin "HEX6[6]" is stuck at GND
    Warning (13410): Pin "HEX6[7]" is stuck at GND
    Warning (13410): Pin "HEX7[7]" is stuck at VCC
Info: Timing-Driven Synthesis is running
Info: 110 registers lost all their fanouts during netlist optimizations. The first 110 are displayed below.
    Info: Register "inVal[9][9]" lost all its fanouts during netlist optimizations.
    Info: Register "inVal[9][8]" lost all its fanouts during netlist optimizations.
    Info: Register "inVal[9][7]" lost all its fanouts during netlist optimizations.
    Info: Register "inVal[9][6]" lost all its fanouts during netlist optimizations.
    Info: Register "inVal[9][5]" lost all its fanouts during netlist optimizations.
    Info: Register "inVal[9][4]" lost all its fanouts during netlist optimizations.
    Info: Register "inVal[9][3]" lost all its fanouts during netlist optimizations.
    Info: Register "inVal[9][2]" lost all its fanouts during netlist optimizations.
    Info: Register "inVal[9][1]" lost all its fanouts during netlist optimizations.
    Info: Register "inVal[9][0]" lost all its fanouts during netlist optimizations.
    Info: Register "inVal[8][9]" lost all its fanouts during netlist optimizations.
    Info: Register "inVal[8][8]" lost all its fanouts during netlist optimizations.
    Info: Register "inVal[8][7]" lost all its fanouts during netlist optimizations.
    Info: Register "inVal[8][6]" lost all its fanouts during netlist optimizations.
    Info: Register "inVal[8][5]" lost all its fanouts during netlist optimizations.
    Info: Register "inVal[8][4]" lost all its fanouts during netlist optimizations.
    Info: Register "inVal[8][3]" lost all its fanouts during netlist optimizations.
    Info: Register "inVal[8][2]" lost all its fanouts during netlist optimizations.
    Info: Register "inVal[8][1]" lost all its fanouts during netlist optimizations.
    Info: Register "inVal[8][0]" lost all its fanouts during netlist optimizations.
    Info: Register "inVal[7][9]" lost all its fanouts during netlist optimizations.
    Info: Register "inVal[7][8]" lost all its fanouts during netlist optimizations.
    Info: Register "inVal[7][7]" lost all its fanouts during netlist optimizations.
    Info: Register "inVal[7][6]" lost all its fanouts during netlist optimizations.
    Info: Register "inVal[7][5]" lost all its fanouts during netlist optimizations.
    Info: Register "inVal[7][4]" lost all its fanouts during netlist optimizations.
    Info: Register "inVal[7][3]" lost all its fanouts during netlist optimizations.
    Info: Register "inVal[7][2]" lost all its fanouts during netlist optimizations.
    Info: Register "inVal[7][1]" lost all its fanouts during netlist optimizations.
    Info: Register "inVal[7][0]" lost all its fanouts during netlist optimizations.
    Info: Register "inVal[6][9]" lost all its fanouts during netlist optimizations.
    Info: Register "inVal[6][8]" lost all its fanouts during netlist optimizations.
    Info: Register "inVal[6][7]" lost all its fanouts during netlist optimizations.
    Info: Register "inVal[6][6]" lost all its fanouts during netlist optimizations.
    Info: Register "inVal[6][5]" lost all its fanouts during netlist optimizations.
    Info: Register "inVal[6][4]" lost all its fanouts during netlist optimizations.
    Info: Register "inVal[6][3]" lost all its fanouts during netlist optimizations.
    Info: Register "inVal[6][2]" lost all its fanouts during netlist optimizations.
    Info: Register "inVal[6][1]" lost all its fanouts during netlist optimizations.
    Info: Register "inVal[6][0]" lost all its fanouts during netlist optimizations.
    Info: Register "inVal[5][9]" lost all its fanouts during netlist optimizations.
    Info: Register "inVal[5][8]" lost all its fanouts during netlist optimizations.
    Info: Register "inVal[5][7]" lost all its fanouts during netlist optimizations.
    Info: Register "inVal[5][6]" lost all its fanouts during netlist optimizations.
    Info: Register "inVal[5][5]" lost all its fanouts during netlist optimizations.
    Info: Register "inVal[5][4]" lost all its fanouts during netlist optimizations.
    Info: Register "inVal[5][3]" lost all its fanouts during netlist optimizations.
    Info: Register "inVal[5][2]" lost all its fanouts during netlist optimizations.
    Info: Register "inVal[5][1]" lost all its fanouts during netlist optimizations.
    Info: Register "inVal[5][0]" lost all its fanouts during netlist optimizations.
    Info: Register "inVal[4][9]" lost all its fanouts during netlist optimizations.
    Info: Register "inVal[4][8]" lost all its fanouts during netlist optimizations.
    Info: Register "inVal[4][7]" lost all its fanouts during netlist optimizations.
    Info: Register "inVal[4][6]" lost all its fanouts during netlist optimizations.
    Info: Register "inVal[4][5]" lost all its fanouts during netlist optimizations.
    Info: Register "inVal[4][4]" lost all its fanouts during netlist optimizations.
    Info: Register "inVal[4][3]" lost all its fanouts during netlist optimizations.
    Info: Register "inVal[4][2]" lost all its fanouts during netlist optimizations.
    Info: Register "inVal[4][1]" lost all its fanouts during netlist optimizations.
    Info: Register "inVal[4][0]" lost all its fanouts during netlist optimizations.
    Info: Register "inVal[3][9]" lost all its fanouts during netlist optimizations.
    Info: Register "inVal[3][8]" lost all its fanouts during netlist optimizations.
    Info: Register "inVal[3][7]" lost all its fanouts during netlist optimizations.
    Info: Register "inVal[3][6]" lost all its fanouts during netlist optimizations.
    Info: Register "inVal[3][5]" lost all its fanouts during netlist optimizations.
    Info: Register "inVal[3][4]" lost all its fanouts during netlist optimizations.
    Info: Register "inVal[3][3]" lost all its fanouts during netlist optimizations.
    Info: Register "inVal[3][2]" lost all its fanouts during netlist optimizations.
    Info: Register "inVal[3][1]" lost all its fanouts during netlist optimizations.
    Info: Register "inVal[3][0]" lost all its fanouts during netlist optimizations.
    Info: Register "inVal[2][9]" lost all its fanouts during netlist optimizations.
    Info: Register "inVal[2][8]" lost all its fanouts during netlist optimizations.
    Info: Register "inVal[2][7]" lost all its fanouts during netlist optimizations.
    Info: Register "inVal[2][6]" lost all its fanouts during netlist optimizations.
    Info: Register "inVal[2][5]" lost all its fanouts during netlist optimizations.
    Info: Register "inVal[2][4]" lost all its fanouts during netlist optimizations.
    Info: Register "inVal[2][3]" lost all its fanouts during netlist optimizations.
    Info: Register "inVal[2][2]" lost all its fanouts during netlist optimizations.
    Info: Register "inVal[2][1]" lost all its fanouts during netlist optimizations.
    Info: Register "inVal[2][0]" lost all its fanouts during netlist optimizations.
    Info: Register "inVal[1][9]" lost all its fanouts during netlist optimizations.
    Info: Register "inVal[1][8]" lost all its fanouts during netlist optimizations.
    Info: Register "inVal[1][7]" lost all its fanouts during netlist optimizations.
    Info: Register "inVal[1][6]" lost all its fanouts during netlist optimizations.
    Info: Register "inVal[1][5]" lost all its fanouts during netlist optimizations.
    Info: Register "inVal[1][4]" lost all its fanouts during netlist optimizations.
    Info: Register "inVal[1][3]" lost all its fanouts during netlist optimizations.
    Info: Register "inVal[1][2]" lost all its fanouts during netlist optimizations.
    Info: Register "inVal[1][1]" lost all its fanouts during netlist optimizations.
    Info: Register "inVal[1][0]" lost all its fanouts during netlist optimizations.
    Info: Register "inVal[0][9]" lost all its fanouts during netlist optimizations.
    Info: Register "inVal_t[9]" lost all its fanouts during netlist optimizations.
    Info: Register "inVal[0][8]" lost all its fanouts during netlist optimizations.
    Info: Register "inVal_t[8]" lost all its fanouts during netlist optimizations.
    Info: Register "inVal[0][7]" lost all its fanouts during netlist optimizations.
    Info: Register "inVal_t[7]" lost all its fanouts during netlist optimizations.
    Info: Register "inVal[0][6]" lost all its fanouts during netlist optimizations.
    Info: Register "inVal_t[6]" lost all its fanouts during netlist optimizations.
    Info: Register "inVal[0][5]" lost all its fanouts during netlist optimizations.
    Info: Register "inVal_t[5]" lost all its fanouts during netlist optimizations.
    Info: Register "inVal[0][4]" lost all its fanouts during netlist optimizations.
    Info: Register "inVal_t[4]" lost all its fanouts during netlist optimizations.
    Info: Register "inVal[0][3]" lost all its fanouts during netlist optimizations.
    Info: Register "inVal_t[3]" lost all its fanouts during netlist optimizations.
    Info: Register "inVal[0][2]" lost all its fanouts during netlist optimizations.
    Info: Register "inVal_t[2]" lost all its fanouts during netlist optimizations.
    Info: Register "inVal[0][1]" lost all its fanouts during netlist optimizations.
    Info: Register "inVal_t[1]" lost all its fanouts during netlist optimizations.
    Info: Register "inVal[0][0]" lost all its fanouts during netlist optimizations.
    Info: Register "inVal_t[0]" lost all its fanouts during netlist optimizations.
Info: Generating hard_block partition "hard_block:auto_generated_inst"
Warning: Design contains 15 input pin(s) that do not drive logic
    Warning (15610): No output dependent on input pin "SW[0]"
    Warning (15610): No output dependent on input pin "SW[1]"
    Warning (15610): No output dependent on input pin "SW[7]"
    Warning (15610): No output dependent on input pin "SW[8]"
    Warning (15610): No output dependent on input pin "SW[9]"
    Warning (15610): No output dependent on input pin "SW[10]"
    Warning (15610): No output dependent on input pin "SW[11]"
    Warning (15610): No output dependent on input pin "SW[12]"
    Warning (15610): No output dependent on input pin "SW[13]"
    Warning (15610): No output dependent on input pin "SW[14]"
    Warning (15610): No output dependent on input pin "SW[15]"
    Warning (15610): No output dependent on input pin "SW[16]"
    Warning (15610): No output dependent on input pin "SW[17]"
    Warning (15610): No output dependent on input pin "KEY[1]"
    Warning (15610): No output dependent on input pin "KEY[2]"
Info: Implemented 134 device resources after synthesis - the final resource count might be different
    Info: Implemented 23 input pins
    Info: Implemented 90 output pins
    Info: Implemented 21 logic cells
Info: Quartus II Analysis & Synthesis was successful. 0 errors, 119 warnings
    Info: Peak virtual memory: 330 megabytes
    Info: Processing ended: Fri Dec 15 09:26:34 2017
    Info: Elapsed time: 00:00:04
    Info: Total CPU time (on all processors): 00:00:02


