Fitter report for HiddenLayer
Fri Oct 27 06:13:07 2017
Quartus II Version 10.0 Build 218 06/27/2010 SJ Web Edition


---------------------
; Table of Contents ;
---------------------
  1. Legal Notice
  2. Fitter Summary
  3. Fitter Settings
  4. Parallel Compilation
  5. Fitter Device Options
  6. Fitter Messages



----------------
; Legal Notice ;
----------------
Copyright (C) 1991-2010 Altera Corporation
Your use of Altera Corporation's design tools, logic functions 
and other software and tools, and its AMPP partner logic 
functions, and any output files from any of the foregoing 
(including device programming or simulation files), and any 
associated documentation or information are expressly subject 
to the terms and conditions of the Altera Program License 
Subscription Agreement, Altera MegaCore Function License 
Agreement, or other applicable license agreement, including, 
without limitation, that your use is for the sole purpose of 
programming logic devices manufactured by Altera and sold by 
Altera or its authorized distributors.  Please refer to the 
applicable agreement for further details.



+--------------------------------------------------------------------------+
; Fitter Summary                                                           ;
+-------------------------------+------------------------------------------+
; Fitter Status                 ; Failed - Fri Oct 27 06:13:07 2017        ;
; Quartus II Version            ; 10.0 Build 218 06/27/2010 SJ Web Edition ;
; Revision Name                 ; HiddenLayer                              ;
; Top-level Entity Name         ; HiddenLayer                              ;
; Family                        ; Stratix II                               ;
; Logic utilization             ; N/A                                      ;
;     Combinational ALUTs       ; 14,892                                   ;
;     Dedicated logic registers ; 1,342                                    ;
; Total registers               ; 1342                                     ;
; Total pins                    ; 762                                      ;
; Total virtual pins            ; 0                                        ;
; Total block memory bits       ; 0                                        ;
; DSP block 9-bit elements      ; 96                                       ;
; Total PLLs                    ; 0                                        ;
; Total DLLs                    ; 0                                        ;
+-------------------------------+------------------------------------------+


+----------------------------------------------------------------------------------------------------------------------------------+
; Fitter Settings                                                                                                                  ;
+----------------------------------------------------------------------------+--------------------+--------------------------------+
; Option                                                                     ; Setting            ; Default Value                  ;
+----------------------------------------------------------------------------+--------------------+--------------------------------+
; Device                                                                     ; auto               ;                                ;
; Fit Attempts to Skip                                                       ; 0                  ; 0.0                            ;
; Optimize Hold Timing                                                       ; All Paths          ; IO Paths and Minimum TPD Paths ;
; Fitter Effort                                                              ; Fast Fit           ; Auto Fit                       ;
; Use smart compilation                                                      ; Off                ; Off                            ;
; Enable parallel Assembler and TimeQuest Timing Analyzer during compilation ; On                 ; On                             ;
; Enable compact report table                                                ; Off                ; Off                            ;
; Use TimeQuest Timing Analyzer                                              ; Off                ; Off                            ;
; Router Timing Optimization Level                                           ; Normal             ; Normal                         ;
; Placement Effort Multiplier                                                ; 1.0                ; 1.0                            ;
; Router Effort Multiplier                                                   ; 1.0                ; 1.0                            ;
; Always Enable Input Buffers                                                ; Off                ; Off                            ;
; Optimize Multi-Corner Timing                                               ; Off                ; Off                            ;
; PowerPlay Power Optimization                                               ; Normal compilation ; Normal compilation             ;
; Optimize Timing                                                            ; Normal compilation ; Normal compilation             ;
; Optimize Timing for ECOs                                                   ; Off                ; Off                            ;
; Regenerate full fit report during ECO compiles                             ; Off                ; Off                            ;
; Optimize IOC Register Placement for Timing                                 ; Normal             ; Normal                         ;
; Limit to One Fitting Attempt                                               ; Off                ; Off                            ;
; Final Placement Optimizations                                              ; Automatically      ; Automatically                  ;
; Fitter Aggressive Routability Optimizations                                ; Automatically      ; Automatically                  ;
; Fitter Initial Placement Seed                                              ; 1                  ; 1                              ;
; PCI I/O                                                                    ; Off                ; Off                            ;
; Weak Pull-Up Resistor                                                      ; Off                ; Off                            ;
; Enable Bus-Hold Circuitry                                                  ; Off                ; Off                            ;
; Auto Global Memory Control Signals                                         ; Off                ; Off                            ;
; Auto Packed Registers                                                      ; Auto               ; Auto                           ;
; Auto Delay Chains                                                          ; On                 ; On                             ;
; Auto Merge PLLs                                                            ; On                 ; On                             ;
; Perform Physical Synthesis for Combinational Logic for Fitting             ; Off                ; Off                            ;
; Perform Physical Synthesis for Combinational Logic for Performance         ; Off                ; Off                            ;
; Perform Register Duplication for Performance                               ; Off                ; Off                            ;
; Perform Logic to Memory Mapping for Fitting                                ; Off                ; Off                            ;
; Perform Register Retiming for Performance                                  ; Off                ; Off                            ;
; Perform Asynchronous Signal Pipelining                                     ; Off                ; Off                            ;
; Physical Synthesis Effort Level                                            ; Normal             ; Normal                         ;
; Logic Cell Insertion - Logic Duplication                                   ; Auto               ; Auto                           ;
; Auto Register Duplication                                                  ; Auto               ; Auto                           ;
; Auto Global Clock                                                          ; On                 ; On                             ;
; Auto Global Register Control Signals                                       ; On                 ; On                             ;
; Stop After Congestion Map Generation                                       ; Off                ; Off                            ;
; Force Fitter to Avoid Periphery Placement Warnings                         ; Off                ; Off                            ;
+----------------------------------------------------------------------------+--------------------+--------------------------------+


Parallel compilation was disabled, but you have multiple processors available. Enable parallel compilation to reduce compilation time.
+-------------------------------------+
; Parallel Compilation                ;
+----------------------------+--------+
; Processors                 ; Number ;
+----------------------------+--------+
; Number detected on machine ; 4      ;
; Maximum allowed            ; 1      ;
+----------------------------+--------+


+---------------------------------------------------------------+
; Fitter Device Options                                         ;
+----------------------------------------------+----------------+
; Option                                       ; Setting        ;
+----------------------------------------------+----------------+
; Enable user-supplied start-up clock (CLKUSR) ; Off            ;
; Enable device-wide reset (DEV_CLRn)          ; Off            ;
; Enable device-wide output enable (DEV_OE)    ; Off            ;
; Enable INIT_DONE output                      ; Off            ;
; Configuration scheme                         ; Passive Serial ;
; Error detection CRC                          ; Off            ;
; Configuration Voltage Level                  ;                ;
; Force Configuration Voltage Level            ; Off            ;
; nWS, nRS, nCS, CS                            ; Unreserved     ;
; RDYnBUSY                                     ; Unreserved     ;
; Data[7..1]                                   ; Unreserved     ;
; Data[0]                                      ; Unreserved     ;
; ASDO,nCSO                                    ; Unreserved     ;
; Reserve all unused pins                      ; Unreserved     ;
; Base pin-out file on sameframe device        ; Off            ;
+----------------------------------------------+----------------+


+-----------------+
; Fitter Messages ;
+-----------------+
Info: *******************************************************************
Info: Running Quartus II Fitter
    Info: Version 10.0 Build 218 06/27/2010 SJ Web Edition
    Info: Processing started: Fri Oct 27 06:13:06 2017
Info: Command: quartus_fit --read_settings_files=off --write_settings_files=off HiddenLayer -c HiddenLayer
Error: Cannot find device that meets Compiler settings specifications
Error: Quartus II Fitter was unsuccessful. 1 error, 0 warnings
    Error: Peak virtual memory: 289 megabytes
    Error: Processing ended: Fri Oct 27 06:13:08 2017
    Error: Elapsed time: 00:00:02
    Error: Total CPU time (on all processors): 00:00:02


