Analysis & Synthesis report for DrowsinessDetector
Wed Dec 20 19:09:55 2017
Quartus II Version 10.0 Build 218 06/27/2010 SJ Web Edition


---------------------
; Table of Contents ;
---------------------
  1. Legal Notice
  2. Analysis & Synthesis Summary
  3. Analysis & Synthesis Settings
  4. Parallel Compilation
  5. Analysis & Synthesis Source Files Read
  6. Analysis & Synthesis Resource Usage Summary
  7. Analysis & Synthesis Resource Utilization by Entity
  8. Analysis & Synthesis DSP Block Usage Summary
  9. State Machine - |DrowsinessDetector|state
 10. User-Specified and Inferred Latches
 11. Registers Removed During Synthesis
 12. General Register Statistics
 13. Inverted Register Statistics
 14. Multiplexer Restructuring Statistics (Restructuring Performed)
 15. Parameter Settings for User Entity Instance: Top-level Entity: |DrowsinessDetector
 16. Parameter Settings for Inferred Entity Instance: HiddenLayer_top:getMul|multiply:mul|lpm_mult:Mult0
 17. Parameter Settings for Inferred Entity Instance: HiddenLayer_top:getMul|multiply:mul|lpm_divide:Div0
 18. lpm_mult Parameter Settings by Entity Instance
 19. Port Connectivity Checks: "ActivationFunc:actFun"
 20. Analysis & Synthesis Messages



----------------
; Legal Notice ;
----------------
Copyright (C) 1991-2010 Altera Corporation
Your use of Altera Corporation's design tools, logic functions 
and other software and tools, and its AMPP partner logic 
functions, and any output files from any of the foregoing 
(including device programming or simulation files), and any 
associated documentation or information are expressly subject 
to the terms and conditions of the Altera Program License 
Subscription Agreement, Altera MegaCore Function License 
Agreement, or other applicable license agreement, including, 
without limitation, that your use is for the sole purpose of 
programming logic devices manufactured by Altera and sold by 
Altera or its authorized distributors.  Please refer to the 
applicable agreement for further details.



+-------------------------------------------------------------------------------+
; Analysis & Synthesis Summary                                                  ;
+------------------------------------+------------------------------------------+
; Analysis & Synthesis Status        ; Successful - Wed Dec 20 19:09:55 2017    ;
; Quartus II Version                 ; 10.0 Build 218 06/27/2010 SJ Web Edition ;
; Revision Name                      ; DrowsinessDetector                       ;
; Top-level Entity Name              ; DrowsinessDetector                       ;
; Family                             ; Cyclone IV E                             ;
; Total logic elements               ; 1,758                                    ;
;     Total combinational functions  ; 1,110                                    ;
;     Dedicated logic registers      ; 685                                      ;
; Total registers                    ; 685                                      ;
; Total pins                         ; 153                                      ;
; Total virtual pins                 ; 0                                        ;
; Total memory bits                  ; 0                                        ;
; Embedded Multiplier 9-bit elements ; 2                                        ;
; Total PLLs                         ; 0                                        ;
+------------------------------------+------------------------------------------+


+----------------------------------------------------------------------------------------------------------------------+
; Analysis & Synthesis Settings                                                                                        ;
+----------------------------------------------------------------------------+--------------------+--------------------+
; Option                                                                     ; Setting            ; Default Value      ;
+----------------------------------------------------------------------------+--------------------+--------------------+
; Device                                                                     ; EP4CE115F29C7      ;                    ;
; Top-level entity name                                                      ; DrowsinessDetector ; DrowsinessDetector ;
; Family name                                                                ; Cyclone IV E       ; Stratix II         ;
; Use smart compilation                                                      ; Off                ; Off                ;
; Enable parallel Assembler and TimeQuest Timing Analyzer during compilation ; On                 ; On                 ;
; Enable compact report table                                                ; Off                ; Off                ;
; Restructure Multiplexers                                                   ; Auto               ; Auto               ;
; Create Debugging Nodes for IP Cores                                        ; Off                ; Off                ;
; Preserve fewer node names                                                  ; On                 ; On                 ;
; Disable OpenCore Plus hardware evaluation                                  ; Off                ; Off                ;
; Verilog Version                                                            ; Verilog_2001       ; Verilog_2001       ;
; VHDL Version                                                               ; VHDL_1993          ; VHDL_1993          ;
; State Machine Processing                                                   ; Auto               ; Auto               ;
; Safe State Machine                                                         ; Off                ; Off                ;
; Extract Verilog State Machines                                             ; On                 ; On                 ;
; Extract VHDL State Machines                                                ; On                 ; On                 ;
; Ignore Verilog initial constructs                                          ; Off                ; Off                ;
; Iteration limit for constant Verilog loops                                 ; 5000               ; 5000               ;
; Iteration limit for non-constant Verilog loops                             ; 250                ; 250                ;
; Add Pass-Through Logic to Inferred RAMs                                    ; On                 ; On                 ;
; Parallel Synthesis                                                         ; On                 ; On                 ;
; DSP Block Balancing                                                        ; Auto               ; Auto               ;
; NOT Gate Push-Back                                                         ; On                 ; On                 ;
; Power-Up Don't Care                                                        ; On                 ; On                 ;
; Remove Redundant Logic Cells                                               ; Off                ; Off                ;
; Remove Duplicate Registers                                                 ; On                 ; On                 ;
; Ignore CARRY Buffers                                                       ; Off                ; Off                ;
; Ignore CASCADE Buffers                                                     ; Off                ; Off                ;
; Ignore GLOBAL Buffers                                                      ; Off                ; Off                ;
; Ignore ROW GLOBAL Buffers                                                  ; Off                ; Off                ;
; Ignore LCELL Buffers                                                       ; Off                ; Off                ;
; Ignore SOFT Buffers                                                        ; On                 ; On                 ;
; Limit AHDL Integers to 32 Bits                                             ; Off                ; Off                ;
; Optimization Technique                                                     ; Balanced           ; Balanced           ;
; Carry Chain Length                                                         ; 70                 ; 70                 ;
; Auto Carry Chains                                                          ; On                 ; On                 ;
; Auto Open-Drain Pins                                                       ; On                 ; On                 ;
; Perform WYSIWYG Primitive Resynthesis                                      ; Off                ; Off                ;
; Auto ROM Replacement                                                       ; On                 ; On                 ;
; Auto RAM Replacement                                                       ; On                 ; On                 ;
; Auto DSP Block Replacement                                                 ; On                 ; On                 ;
; Auto Shift Register Replacement                                            ; Auto               ; Auto               ;
; Auto Clock Enable Replacement                                              ; On                 ; On                 ;
; Strict RAM Replacement                                                     ; Off                ; Off                ;
; Allow Synchronous Control Signals                                          ; On                 ; On                 ;
; Force Use of Synchronous Clear Signals                                     ; Off                ; Off                ;
; Auto RAM Block Balancing                                                   ; On                 ; On                 ;
; Auto RAM to Logic Cell Conversion                                          ; Off                ; Off                ;
; Auto Resource Sharing                                                      ; Off                ; Off                ;
; Allow Any RAM Size For Recognition                                         ; Off                ; Off                ;
; Allow Any ROM Size For Recognition                                         ; Off                ; Off                ;
; Allow Any Shift Register Size For Recognition                              ; Off                ; Off                ;
; Use LogicLock Constraints during Resource Balancing                        ; On                 ; On                 ;
; Ignore translate_off and synthesis_off directives                          ; Off                ; Off                ;
; Timing-Driven Synthesis                                                    ; On                 ; On                 ;
; Report Parameter Settings                                                  ; On                 ; On                 ;
; Report Source Assignments                                                  ; On                 ; On                 ;
; Report Connectivity Checks                                                 ; On                 ; On                 ;
; Ignore Maximum Fan-Out Assignments                                         ; Off                ; Off                ;
; Synchronization Register Chain Length                                      ; 2                  ; 2                  ;
; PowerPlay Power Optimization                                               ; Normal compilation ; Normal compilation ;
; HDL message level                                                          ; Level2             ; Level2             ;
; Suppress Register Optimization Related Messages                            ; Off                ; Off                ;
; Number of Removed Registers Reported in Synthesis Report                   ; 5000               ; 5000               ;
; Number of Inverted Registers Reported in Synthesis Report                  ; 100                ; 100                ;
; Clock MUX Protection                                                       ; On                 ; On                 ;
; Auto Gated Clock Conversion                                                ; Off                ; Off                ;
; Block Design Naming                                                        ; Auto               ; Auto               ;
; SDC constraint protection                                                  ; Off                ; Off                ;
; Synthesis Effort                                                           ; Auto               ; Auto               ;
; Shift Register Replacement - Allow Asynchronous Clear Signal               ; On                 ; On                 ;
; Analysis & Synthesis Message Level                                         ; Medium             ; Medium             ;
; Disable Register Merging Across Hierarchies                                ; Auto               ; Auto               ;
; Resource Aware Inference For Block RAM                                     ; On                 ; On                 ;
; Synthesis Seed                                                             ; 1                  ; 1                  ;
+----------------------------------------------------------------------------+--------------------+--------------------+


Parallel compilation was disabled, but you have multiple processors available. Enable parallel compilation to reduce compilation time.
+-------------------------------------+
; Parallel Compilation                ;
+----------------------------+--------+
; Processors                 ; Number ;
+----------------------------+--------+
; Number detected on machine ; 4      ;
; Maximum allowed            ; 1      ;
+----------------------------+--------+


+------------------------------------------------------------------------------------------------------------------------------------------------------------------------------------+
; Analysis & Synthesis Source Files Read                                                                                                                                             ;
+-----------------------------------+-----------------+------------------------------+-----------------------------------------------------------------------------------------------+
; File Name with User-Entered Path  ; Used in Netlist ; File Type                    ; File Name with Absolute Path                                                                  ;
+-----------------------------------+-----------------+------------------------------+-----------------------------------------------------------------------------------------------+
; ../HiddenLayer/ActivationFunc.sv  ; yes             ; User SystemVerilog HDL File  ; C:/Users/Yenrong/Desktop/FYP_DrowsinessDetector/HiddenLayer/ActivationFunc.sv                 ;
; ../HiddenLayer/multiply.sv        ; yes             ; User SystemVerilog HDL File  ; C:/Users/Yenrong/Desktop/FYP_DrowsinessDetector/HiddenLayer/multiply.sv                       ;
; ../HiddenLayer/HiddenLayer_Top.sv ; yes             ; User SystemVerilog HDL File  ; C:/Users/Yenrong/Desktop/FYP_DrowsinessDetector/HiddenLayer/HiddenLayer_Top.sv                ;
; ../WeightInitiallize/LFSR.sv      ; yes             ; User SystemVerilog HDL File  ; C:/Users/Yenrong/Desktop/FYP_DrowsinessDetector/WeightInitiallize/LFSR.sv                     ;
; ../WeightInitiallize/WeightRAM.sv ; yes             ; User SystemVerilog HDL File  ; C:/Users/Yenrong/Desktop/FYP_DrowsinessDetector/WeightInitiallize/WeightRAM.sv                ;
; DrowsinessDetector.sv             ; yes             ; User SystemVerilog HDL File  ; C:/Users/Yenrong/Desktop/FYP_DrowsinessDetector/DrowsinessDectetor/DrowsinessDetector.sv      ;
; lpm_mult.tdf                      ; yes             ; Megafunction                 ; c:/altera/10.0/quartus/libraries/megafunctions/lpm_mult.tdf                                   ;
; db/mult_oct.tdf                   ; yes             ; Auto-Generated Megafunction  ; C:/Users/Yenrong/Desktop/FYP_DrowsinessDetector/DrowsinessDectetor/db/mult_oct.tdf            ;
; lpm_divide.tdf                    ; yes             ; Megafunction                 ; c:/altera/10.0/quartus/libraries/megafunctions/lpm_divide.tdf                                 ;
; db/lpm_divide_akm.tdf             ; yes             ; Auto-Generated Megafunction  ; C:/Users/Yenrong/Desktop/FYP_DrowsinessDetector/DrowsinessDectetor/db/lpm_divide_akm.tdf      ;
; db/sign_div_unsign_2nh.tdf        ; yes             ; Auto-Generated Megafunction  ; C:/Users/Yenrong/Desktop/FYP_DrowsinessDetector/DrowsinessDectetor/db/sign_div_unsign_2nh.tdf ;
; db/alt_u_div_o9f.tdf              ; yes             ; Auto-Generated Megafunction  ; C:/Users/Yenrong/Desktop/FYP_DrowsinessDetector/DrowsinessDectetor/db/alt_u_div_o9f.tdf       ;
; db/add_sub_7pc.tdf                ; yes             ; Auto-Generated Megafunction  ; C:/Users/Yenrong/Desktop/FYP_DrowsinessDetector/DrowsinessDectetor/db/add_sub_7pc.tdf         ;
; db/add_sub_8pc.tdf                ; yes             ; Auto-Generated Megafunction  ; C:/Users/Yenrong/Desktop/FYP_DrowsinessDetector/DrowsinessDectetor/db/add_sub_8pc.tdf         ;
+-----------------------------------+-----------------+------------------------------+-----------------------------------------------------------------------------------------------+


+-----------------------------------------------------------+
; Analysis & Synthesis Resource Usage Summary               ;
+---------------------------------------------+-------------+
; Resource                                    ; Usage       ;
+---------------------------------------------+-------------+
; Estimated Total logic elements              ; 1,758       ;
;                                             ;             ;
; Total combinational functions               ; 1110        ;
; Logic element usage by number of LUT inputs ;             ;
;     -- 4 input functions                    ; 601         ;
;     -- 3 input functions                    ; 282         ;
;     -- <=2 input functions                  ; 227         ;
;                                             ;             ;
; Logic elements by mode                      ;             ;
;     -- normal mode                          ; 970         ;
;     -- arithmetic mode                      ; 140         ;
;                                             ;             ;
; Total registers                             ; 685         ;
;     -- Dedicated logic registers            ; 685         ;
;     -- I/O registers                        ; 0           ;
;                                             ;             ;
; I/O pins                                    ; 153         ;
; Embedded Multiplier 9-bit elements          ; 2           ;
; Maximum fan-out node                        ; Clock~input ;
; Maximum fan-out                             ; 685         ;
; Total fan-out                               ; 6616        ;
; Average fan-out                             ; 3.15        ;
+---------------------------------------------+-------------+


+------------------------------------------------------------------------------------------------------------------------------------------------------------------------------------------------------------------------------------------------------------------------------------------------------------------------------------------------+
; Analysis & Synthesis Resource Utilization by Entity                                                                                                                                                                                                                                                                                            ;
+----------------------------------------------+-------------------+--------------+-------------+------------+--------------+---------+-----------+------+--------------+---------------------------------------------------------------------------------------------------------------------------------------------------------+--------------+
; Compilation Hierarchy Node                   ; LC Combinationals ; LC Registers ; Memory Bits ; DSP Blocks ; DSP Elements ; DSP 9x9 ; DSP 18x18 ; Pins ; Virtual Pins ; Full Hierarchy Name                                                                                                                                     ; Library Name ;
+----------------------------------------------+-------------------+--------------+-------------+------------+--------------+---------+-----------+------+--------------+---------------------------------------------------------------------------------------------------------------------------------------------------------+--------------+
; |DrowsinessDetector                          ; 1110 (223)        ; 685 (5)      ; 0           ; 0          ; 2            ; 0       ; 1         ; 153  ; 0            ; |DrowsinessDetector                                                                                                                                     ;              ;
;    |HiddenLayer_top:getMul|                  ; 376 (43)          ; 10 (10)      ; 0           ; 0          ; 2            ; 0       ; 1         ; 0    ; 0            ; |DrowsinessDetector|HiddenLayer_top:getMul                                                                                                              ;              ;
;       |multiply:mul|                         ; 333 (30)          ; 0 (0)        ; 0           ; 0          ; 2            ; 0       ; 1         ; 0    ; 0            ; |DrowsinessDetector|HiddenLayer_top:getMul|multiply:mul                                                                                                 ;              ;
;          |lpm_divide:Div0|                   ; 303 (0)           ; 0 (0)        ; 0           ; 0          ; 0            ; 0       ; 0         ; 0    ; 0            ; |DrowsinessDetector|HiddenLayer_top:getMul|multiply:mul|lpm_divide:Div0                                                                                 ;              ;
;             |lpm_divide_akm:auto_generated|  ; 303 (0)           ; 0 (0)        ; 0           ; 0          ; 0            ; 0       ; 0         ; 0    ; 0            ; |DrowsinessDetector|HiddenLayer_top:getMul|multiply:mul|lpm_divide:Div0|lpm_divide_akm:auto_generated                                                   ;              ;
;                |sign_div_unsign_2nh:divider| ; 303 (0)           ; 0 (0)        ; 0           ; 0          ; 0            ; 0       ; 0         ; 0    ; 0            ; |DrowsinessDetector|HiddenLayer_top:getMul|multiply:mul|lpm_divide:Div0|lpm_divide_akm:auto_generated|sign_div_unsign_2nh:divider                       ;              ;
;                   |alt_u_div_o9f:divider|    ; 303 (303)         ; 0 (0)        ; 0           ; 0          ; 0            ; 0       ; 0         ; 0    ; 0            ; |DrowsinessDetector|HiddenLayer_top:getMul|multiply:mul|lpm_divide:Div0|lpm_divide_akm:auto_generated|sign_div_unsign_2nh:divider|alt_u_div_o9f:divider ;              ;
;          |lpm_mult:Mult0|                    ; 0 (0)             ; 0 (0)        ; 0           ; 0          ; 2            ; 0       ; 1         ; 0    ; 0            ; |DrowsinessDetector|HiddenLayer_top:getMul|multiply:mul|lpm_mult:Mult0                                                                                  ;              ;
;             |mult_oct:auto_generated|        ; 0 (0)             ; 0 (0)        ; 0           ; 0          ; 2            ; 0       ; 1         ; 0    ; 0            ; |DrowsinessDetector|HiddenLayer_top:getMul|multiply:mul|lpm_mult:Mult0|mult_oct:auto_generated                                                          ;              ;
;    |LFSR:rndnm|                              ; 2 (2)             ; 10 (10)      ; 0           ; 0          ; 0            ; 0       ; 0         ; 0    ; 0            ; |DrowsinessDetector|LFSR:rndnm                                                                                                                          ;              ;
;    |WeightRAM:ram|                           ; 509 (509)         ; 660 (660)    ; 0           ; 0          ; 0            ; 0       ; 0         ; 0    ; 0            ; |DrowsinessDetector|WeightRAM:ram                                                                                                                       ;              ;
+----------------------------------------------+-------------------+--------------+-------------+------------+--------------+---------+-----------+------+--------------+---------------------------------------------------------------------------------------------------------------------------------------------------------+--------------+
Note: For table entries with two numbers listed, the numbers in parentheses indicate the number of resources of the given type used by the specific entity alone. The numbers listed outside of parentheses indicate the total resources of the given type used by the specific entity and all of its sub-entities in the hierarchy.


+-----------------------------------------------------+
; Analysis & Synthesis DSP Block Usage Summary        ;
+---------------------------------------+-------------+
; Statistic                             ; Number Used ;
+---------------------------------------+-------------+
; Simple Multipliers (9-bit)            ; 0           ;
; Simple Multipliers (18-bit)           ; 1           ;
; Embedded Multiplier Blocks            ; --          ;
; Embedded Multiplier 9-bit elements    ; 2           ;
; Signed Embedded Multipliers           ; 0           ;
; Unsigned Embedded Multipliers         ; 1           ;
; Mixed Sign Embedded Multipliers       ; 0           ;
; Variable Sign Embedded Multipliers    ; 0           ;
; Dedicated Input Shift Register Chains ; 0           ;
+---------------------------------------+-------------+
Note: number of Embedded Multiplier Blocks used is only available after a successful fit.


Encoding Type:  One-Hot
+-----------------------------------------------------------------------------------------------------------------------------------------+
; State Machine - |DrowsinessDetector|state                                                                                               ;
+-------------------------+-------------------+-------------------+-------------+------------------+-------------------------+------------+
; Name                    ; state.outputLayer ; state.hiddenLayer ; state.halt1 ; state.readWeight ; state.weightInitiallize ; state.halt ;
+-------------------------+-------------------+-------------------+-------------+------------------+-------------------------+------------+
; state.halt              ; 0                 ; 0                 ; 0           ; 0                ; 0                       ; 0          ;
; state.weightInitiallize ; 0                 ; 0                 ; 0           ; 0                ; 1                       ; 1          ;
; state.readWeight        ; 0                 ; 0                 ; 0           ; 1                ; 0                       ; 1          ;
; state.halt1             ; 0                 ; 0                 ; 1           ; 0                ; 0                       ; 1          ;
; state.hiddenLayer       ; 0                 ; 1                 ; 0           ; 0                ; 0                       ; 1          ;
; state.outputLayer       ; 1                 ; 0                 ; 0           ; 0                ; 0                       ; 1          ;
+-------------------------+-------------------+-------------------+-------------+------------------+-------------------------+------------+


+--------------------------------------------------------------------------------------------------------+
; User-Specified and Inferred Latches                                                                    ;
+-----------------------------------------------------+-------------------------+------------------------+
; Latch Name                                          ; Latch Enable Signal     ; Free of Timing Hazards ;
+-----------------------------------------------------+-------------------------+------------------------+
; weight[0]$latch                                     ; state.hiddenLayer       ; yes                    ;
; weight[1]$latch                                     ; state.hiddenLayer       ; yes                    ;
; weight[2]$latch                                     ; state.hiddenLayer       ; yes                    ;
; weight[3]$latch                                     ; state.hiddenLayer       ; yes                    ;
; weight[4]$latch                                     ; state.hiddenLayer       ; yes                    ;
; weight[5]$latch                                     ; state.hiddenLayer       ; yes                    ;
; weight[6]$latch                                     ; state.hiddenLayer       ; yes                    ;
; weight[7]$latch                                     ; state.hiddenLayer       ; yes                    ;
; weight[8]$latch                                     ; state.hiddenLayer       ; yes                    ;
; weight[9]$latch                                     ; state.hiddenLayer       ; yes                    ;
; dataIn[0]$latch                                     ; state.weightInitiallize ; yes                    ;
; dataIn[1]$latch                                     ; state.weightInitiallize ; yes                    ;
; dataIn[2]$latch                                     ; state.weightInitiallize ; yes                    ;
; dataIn[3]$latch                                     ; state.weightInitiallize ; yes                    ;
; dataIn[4]$latch                                     ; state.weightInitiallize ; yes                    ;
; dataIn[5]$latch                                     ; state.weightInitiallize ; yes                    ;
; dataIn[6]$latch                                     ; state.weightInitiallize ; yes                    ;
; dataIn[7]$latch                                     ; state.weightInitiallize ; yes                    ;
; dataIn[8]$latch                                     ; state.weightInitiallize ; yes                    ;
; dataIn[9]$latch                                     ; state.weightInitiallize ; yes                    ;
; outVal[0]$latch                                     ; state.hiddenLayer       ; yes                    ;
; outVal[1]$latch                                     ; state.hiddenLayer       ; yes                    ;
; outVal[2]$latch                                     ; state.hiddenLayer       ; yes                    ;
; outVal[3]$latch                                     ; state.hiddenLayer       ; yes                    ;
; outVal[4]$latch                                     ; state.hiddenLayer       ; yes                    ;
; outVal[5]$latch                                     ; state.hiddenLayer       ; yes                    ;
; outVal[6]$latch                                     ; state.hiddenLayer       ; yes                    ;
; outVal[7]$latch                                     ; state.hiddenLayer       ; yes                    ;
; outVal[8]$latch                                     ; state.hiddenLayer       ; yes                    ;
; outVal[9]$latch                                     ; state.hiddenLayer       ; yes                    ;
; count0[0]$latch                                     ; Selector36              ; yes                    ;
; count0[1]$latch                                     ; Selector36              ; yes                    ;
; count0[2]$latch                                     ; Selector36              ; yes                    ;
; count0[3]$latch                                     ; Selector36              ; yes                    ;
; count0[4]$latch                                     ; Selector36              ; yes                    ;
; count0[5]$latch                                     ; Selector36              ; yes                    ;
; count0[6]$latch                                     ; Selector36              ; yes                    ;
; count0[7]$latch                                     ; Selector36              ; yes                    ;
; count0[8]$latch                                     ; Selector36              ; yes                    ;
; count0[9]$latch                                     ; Selector36              ; yes                    ;
; count1[0]$latch                                     ; Selector38              ; yes                    ;
; count1[1]$latch                                     ; Selector38              ; yes                    ;
; count1[2]$latch                                     ; Selector38              ; yes                    ;
; count1[3]$latch                                     ; Selector38              ; yes                    ;
; count1[4]$latch                                     ; Selector38              ; yes                    ;
; count1[5]$latch                                     ; Selector38              ; yes                    ;
; count1[6]$latch                                     ; Selector38              ; yes                    ;
; count1[7]$latch                                     ; Selector38              ; yes                    ;
; count1[8]$latch                                     ; Selector38              ; yes                    ;
; count1[9]$latch                                     ; Selector38              ; yes                    ;
; Address[4]                                          ; WideOr4                 ; yes                    ;
; Address[5]                                          ; WideOr4                 ; yes                    ;
; Address[2]                                          ; WideOr4                 ; yes                    ;
; Address[3]                                          ; WideOr4                 ; yes                    ;
; Address[0]                                          ; WideOr4                 ; yes                    ;
; Address[1]                                          ; WideOr4                 ; yes                    ;
; Address[6]                                          ; WideOr4                 ; yes                    ;
; WE                                                  ; WideOr3                 ; yes                    ;
; nextState.hiddenLayer_774                           ; Selector25              ; yes                    ;
; on                                                  ; WE                      ; yes                    ;
; nextState.weightInitiallize_813                     ; Selector25              ; yes                    ;
; Clear                                               ; WideOr4                 ; yes                    ;
; nextState.halt_826                                  ; Selector26              ; yes                    ;
; nextState.readWeight_800                            ; Selector25              ; yes                    ;
; nextState.halt1_787                                 ; Selector26              ; yes                    ;
; inVal[0]                                            ; state.hiddenLayer       ; yes                    ;
; inVal[1]                                            ; state.hiddenLayer       ; yes                    ;
; inVal[2]                                            ; state.hiddenLayer       ; yes                    ;
; inVal[3]                                            ; state.hiddenLayer       ; yes                    ;
; inVal[4]                                            ; state.hiddenLayer       ; yes                    ;
; inVal[5]                                            ; state.hiddenLayer       ; yes                    ;
; inVal[6]                                            ; state.hiddenLayer       ; yes                    ;
; inVal[7]                                            ; state.hiddenLayer       ; yes                    ;
; inVal[8]                                            ; state.hiddenLayer       ; yes                    ;
; inVal[9]                                            ; state.hiddenLayer       ; yes                    ;
; Number of user-specified and inferred latches = 75  ;                         ;                        ;
+-----------------------------------------------------+-------------------------+------------------------+
Note: All latches listed above may not be present at the end of synthesis due to various synthesis optimizations.


+------------------------------------------------------------+
; Registers Removed During Synthesis                         ;
+---------------------------------------+--------------------+
; Register name                         ; Reason for Removal ;
+---------------------------------------+--------------------+
; state.outputLayer                     ; Lost fanout        ;
; state~4                               ; Lost fanout        ;
; state~5                               ; Lost fanout        ;
; state~6                               ; Lost fanout        ;
; state~7                               ; Lost fanout        ;
; Total Number of Removed Registers = 5 ;                    ;
+---------------------------------------+--------------------+


+------------------------------------------------------+
; General Register Statistics                          ;
+----------------------------------------------+-------+
; Statistic                                    ; Value ;
+----------------------------------------------+-------+
; Total registers                              ; 685   ;
; Number of registers using Synchronous Clear  ; 0     ;
; Number of registers using Synchronous Load   ; 0     ;
; Number of registers using Asynchronous Clear ; 675   ;
; Number of registers using Asynchronous Load  ; 0     ;
; Number of registers using Clock Enable       ; 670   ;
; Number of registers using Preset             ; 0     ;
+----------------------------------------------+-------+


+--------------------------------------------------+
; Inverted Register Statistics                     ;
+----------------------------------------+---------+
; Inverted Register                      ; Fan out ;
+----------------------------------------+---------+
; LFSR:rndnm|data[0]                     ; 2       ;
; LFSR:rndnm|data[1]                     ; 2       ;
; LFSR:rndnm|data[2]                     ; 2       ;
; LFSR:rndnm|data[3]                     ; 2       ;
; Total number of inverted registers = 4 ;         ;
+----------------------------------------+---------+


+------------------------------------------------------------------------------------------------------------------------------------------------------+
; Multiplexer Restructuring Statistics (Restructuring Performed)                                                                                       ;
+--------------------+-----------+---------------+----------------------+------------------------+------------+----------------------------------------+
; Multiplexer Inputs ; Bus Width ; Baseline Area ; Area if Restructured ; Saving if Restructured ; Registered ; Example Multiplexer Output             ;
+--------------------+-----------+---------------+----------------------+------------------------+------------+----------------------------------------+
; 128:1              ; 10 bits   ; 850 LEs       ; 440 LEs              ; 410 LEs                ; Yes        ; |DrowsinessDetector|WeightRAM:ram|Q[3] ;
; 16:1               ; 10 bits   ; 100 LEs       ; 70 LEs               ; 30 LEs                 ; No         ; |DrowsinessDetector|Mux1               ;
; 5:1                ; 10 bits   ; 30 LEs        ; 10 LEs               ; 20 LEs                 ; No         ; |DrowsinessDetector|Selector34         ;
+--------------------+-----------+---------------+----------------------+------------------------+------------+----------------------------------------+


+------------------------------------------------------------------------------------+
; Parameter Settings for User Entity Instance: Top-level Entity: |DrowsinessDetector ;
+-------------------+-------+--------------------------------------------------------+
; Parameter Name    ; Value ; Type                                                   ;
+-------------------+-------+--------------------------------------------------------+
; halt              ; 0     ; Signed Integer                                         ;
; weightInitiallize ; 1     ; Signed Integer                                         ;
; readWeight        ; 2     ; Signed Integer                                         ;
; halt1             ; 3     ; Signed Integer                                         ;
; hiddenLayer       ; 4     ; Signed Integer                                         ;
; outputLayer       ; 5     ; Signed Integer                                         ;
+-------------------+-------+--------------------------------------------------------+
Note: In order to hide this table in the UI and the text report file, please set the "Show Parameter Settings in Synthesis Report" option in "Analysis and Synthesis Settings -> More Settings" to "Off".


+-----------------------------------------------------------------------------------------------------+
; Parameter Settings for Inferred Entity Instance: HiddenLayer_top:getMul|multiply:mul|lpm_mult:Mult0 ;
+------------------------------------------------+--------------+-------------------------------------+
; Parameter Name                                 ; Value        ; Type                                ;
+------------------------------------------------+--------------+-------------------------------------+
; AUTO_CARRY_CHAINS                              ; ON           ; AUTO_CARRY                          ;
; IGNORE_CARRY_BUFFERS                           ; OFF          ; IGNORE_CARRY                        ;
; AUTO_CASCADE_CHAINS                            ; ON           ; AUTO_CASCADE                        ;
; IGNORE_CASCADE_BUFFERS                         ; OFF          ; IGNORE_CASCADE                      ;
; LPM_WIDTHA                                     ; 10           ; Untyped                             ;
; LPM_WIDTHB                                     ; 10           ; Untyped                             ;
; LPM_WIDTHP                                     ; 20           ; Untyped                             ;
; LPM_WIDTHR                                     ; 20           ; Untyped                             ;
; LPM_WIDTHS                                     ; 1            ; Untyped                             ;
; LPM_REPRESENTATION                             ; UNSIGNED     ; Untyped                             ;
; LPM_PIPELINE                                   ; 0            ; Untyped                             ;
; LATENCY                                        ; 0            ; Untyped                             ;
; INPUT_A_IS_CONSTANT                            ; NO           ; Untyped                             ;
; INPUT_B_IS_CONSTANT                            ; NO           ; Untyped                             ;
; USE_EAB                                        ; OFF          ; Untyped                             ;
; MAXIMIZE_SPEED                                 ; 6            ; Untyped                             ;
; DEVICE_FAMILY                                  ; Cyclone IV E ; Untyped                             ;
; CARRY_CHAIN                                    ; MANUAL       ; Untyped                             ;
; APEX20K_TECHNOLOGY_MAPPER                      ; LUT          ; TECH_MAPPER_APEX20K                 ;
; DEDICATED_MULTIPLIER_CIRCUITRY                 ; AUTO         ; Untyped                             ;
; DEDICATED_MULTIPLIER_MIN_INPUT_WIDTH_FOR_AUTO  ; 0            ; Untyped                             ;
; DEDICATED_MULTIPLIER_MIN_OUTPUT_WIDTH_FOR_AUTO ; 0            ; Untyped                             ;
; CBXI_PARAMETER                                 ; mult_oct     ; Untyped                             ;
; INPUT_A_FIXED_VALUE                            ; Bx           ; Untyped                             ;
; INPUT_B_FIXED_VALUE                            ; Bx           ; Untyped                             ;
; USE_AHDL_IMPLEMENTATION                        ; OFF          ; Untyped                             ;
+------------------------------------------------+--------------+-------------------------------------+
Note: In order to hide this table in the UI and the text report file, please set the "Show Parameter Settings in Synthesis Report" option in "Analysis and Synthesis Settings -> More Settings" to "Off".


+------------------------------------------------------------------------------------------------------+
; Parameter Settings for Inferred Entity Instance: HiddenLayer_top:getMul|multiply:mul|lpm_divide:Div0 ;
+------------------------+----------------+------------------------------------------------------------+
; Parameter Name         ; Value          ; Type                                                       ;
+------------------------+----------------+------------------------------------------------------------+
; LPM_WIDTHN             ; 20             ; Untyped                                                    ;
; LPM_WIDTHD             ; 10             ; Untyped                                                    ;
; LPM_NREPRESENTATION    ; UNSIGNED       ; Untyped                                                    ;
; LPM_DREPRESENTATION    ; UNSIGNED       ; Untyped                                                    ;
; LPM_PIPELINE           ; 0              ; Untyped                                                    ;
; LPM_REMAINDERPOSITIVE  ; TRUE           ; Untyped                                                    ;
; MAXIMIZE_SPEED         ; 5              ; Untyped                                                    ;
; CBXI_PARAMETER         ; lpm_divide_akm ; Untyped                                                    ;
; CARRY_CHAIN            ; MANUAL         ; Untyped                                                    ;
; OPTIMIZE_FOR_SPEED     ; 5              ; Untyped                                                    ;
; AUTO_CARRY_CHAINS      ; ON             ; AUTO_CARRY                                                 ;
; IGNORE_CARRY_BUFFERS   ; OFF            ; IGNORE_CARRY                                               ;
; AUTO_CASCADE_CHAINS    ; ON             ; AUTO_CASCADE                                               ;
; IGNORE_CASCADE_BUFFERS ; OFF            ; IGNORE_CASCADE                                             ;
+------------------------+----------------+------------------------------------------------------------+
Note: In order to hide this table in the UI and the text report file, please set the "Show Parameter Settings in Synthesis Report" option in "Analysis and Synthesis Settings -> More Settings" to "Off".


+--------------------------------------------------------------------------------------------+
; lpm_mult Parameter Settings by Entity Instance                                             ;
+---------------------------------------+----------------------------------------------------+
; Name                                  ; Value                                              ;
+---------------------------------------+----------------------------------------------------+
; Number of entity instances            ; 1                                                  ;
; Entity Instance                       ; HiddenLayer_top:getMul|multiply:mul|lpm_mult:Mult0 ;
;     -- LPM_WIDTHA                     ; 10                                                 ;
;     -- LPM_WIDTHB                     ; 10                                                 ;
;     -- LPM_WIDTHP                     ; 20                                                 ;
;     -- LPM_REPRESENTATION             ; UNSIGNED                                           ;
;     -- INPUT_A_IS_CONSTANT            ; NO                                                 ;
;     -- INPUT_B_IS_CONSTANT            ; NO                                                 ;
;     -- USE_EAB                        ; OFF                                                ;
;     -- DEDICATED_MULTIPLIER_CIRCUITRY ; AUTO                                               ;
;     -- INPUT_A_FIXED_VALUE            ; Bx                                                 ;
;     -- INPUT_B_FIXED_VALUE            ; Bx                                                 ;
+---------------------------------------+----------------------------------------------------+


+----------------------------------------------------------------------------------------------------------------+
; Port Connectivity Checks: "ActivationFunc:actFun"                                                              ;
+------+--------+----------+-------------------------------------------------------------------------------------+
; Port ; Type   ; Severity ; Details                                                                             ;
+------+--------+----------+-------------------------------------------------------------------------------------+
; out  ; Output ; Info     ; Connected to dangling logic. Logic that only feeds a dangling port will be removed. ;
+------+--------+----------+-------------------------------------------------------------------------------------+


+-------------------------------+
; Analysis & Synthesis Messages ;
+-------------------------------+
Info: *******************************************************************
Info: Running Quartus II Analysis & Synthesis
    Info: Version 10.0 Build 218 06/27/2010 SJ Web Edition
    Info: Processing started: Wed Dec 20 19:09:49 2017
Info: Command: quartus_map --read_settings_files=on --write_settings_files=off DrowsinessDetector -c DrowsinessDetector
Info: Found 1 design units, including 1 entities, in source file /users/yenrong/desktop/fyp_drowsinessdetector/hiddenlayer/activationfunc.sv
    Info: Found entity 1: ActivationFunc
Info: Found 1 design units, including 1 entities, in source file /users/yenrong/desktop/fyp_drowsinessdetector/hiddenlayer/multiply.sv
    Info: Found entity 1: multiply
Info: Found 1 design units, including 1 entities, in source file /users/yenrong/desktop/fyp_drowsinessdetector/hiddenlayer/hiddenlayer_top.sv
    Info: Found entity 1: HiddenLayer_top
Info: Found 1 design units, including 1 entities, in source file /users/yenrong/desktop/fyp_drowsinessdetector/weightinitiallize/lfsr.sv
    Info: Found entity 1: LFSR
Info: Found 1 design units, including 1 entities, in source file /users/yenrong/desktop/fyp_drowsinessdetector/weightinitiallize/weightram.sv
    Info: Found entity 1: WeightRAM
Info: Found 1 design units, including 1 entities, in source file drowsinessdetector.sv
    Info: Found entity 1: DrowsinessDetector
Info: Elaborating entity "DrowsinessDetector" for the top level hierarchy
Warning (10036): Verilog HDL or VHDL warning at DrowsinessDetector.sv(32): object "out0" assigned a value but never read
Warning (10235): Verilog HDL Always Construct warning at DrowsinessDetector.sv(61): variable "count0" is read inside the Always Construct but isn't in the Always Construct's Event Control
Warning (10230): Verilog HDL assignment warning at DrowsinessDetector.sv(61): truncated value with size 10 to match size of target (7)
Warning (10235): Verilog HDL Always Construct warning at DrowsinessDetector.sv(62): variable "count0" is read inside the Always Construct but isn't in the Always Construct's Event Control
Warning (10235): Verilog HDL Always Construct warning at DrowsinessDetector.sv(67): variable "count0" is read inside the Always Construct but isn't in the Always Construct's Event Control
Warning (10235): Verilog HDL Always Construct warning at DrowsinessDetector.sv(72): variable "count0" is read inside the Always Construct but isn't in the Always Construct's Event Control
Warning (10235): Verilog HDL Always Construct warning at DrowsinessDetector.sv(72): variable "count1" is read inside the Always Construct but isn't in the Always Construct's Event Control
Warning (10230): Verilog HDL assignment warning at DrowsinessDetector.sv(72): truncated value with size 10 to match size of target (7)
Warning (10235): Verilog HDL Always Construct warning at DrowsinessDetector.sv(86): variable "count0" is read inside the Always Construct but isn't in the Always Construct's Event Control
Warning (10235): Verilog HDL Always Construct warning at DrowsinessDetector.sv(89): variable "AF" is read inside the Always Construct but isn't in the Always Construct's Event Control
Warning (10235): Verilog HDL Always Construct warning at DrowsinessDetector.sv(89): variable "count1" is read inside the Always Construct but isn't in the Always Construct's Event Control
Warning (10235): Verilog HDL Always Construct warning at DrowsinessDetector.sv(90): variable "count1" is read inside the Always Construct but isn't in the Always Construct's Event Control
Warning (10235): Verilog HDL Always Construct warning at DrowsinessDetector.sv(94): variable "count0" is read inside the Always Construct but isn't in the Always Construct's Event Control
Warning (10235): Verilog HDL Always Construct warning at DrowsinessDetector.sv(95): variable "count1" is read inside the Always Construct but isn't in the Always Construct's Event Control
Warning (10235): Verilog HDL Always Construct warning at DrowsinessDetector.sv(99): variable "count0" is read inside the Always Construct but isn't in the Always Construct's Event Control
Warning (10240): Verilog HDL Always Construct warning at DrowsinessDetector.sv(44): inferring latch(es) for variable "on", which holds its previous value in one or more paths through the always construct
Warning (10240): Verilog HDL Always Construct warning at DrowsinessDetector.sv(44): inferring latch(es) for variable "Clear", which holds its previous value in one or more paths through the always construct
Warning (10240): Verilog HDL Always Construct warning at DrowsinessDetector.sv(44): inferring latch(es) for variable "count1", which holds its previous value in one or more paths through the always construct
Warning (10240): Verilog HDL Always Construct warning at DrowsinessDetector.sv(44): inferring latch(es) for variable "count0", which holds its previous value in one or more paths through the always construct
Warning (10240): Verilog HDL Always Construct warning at DrowsinessDetector.sv(44): inferring latch(es) for variable "nextState", which holds its previous value in one or more paths through the always construct
Warning (10240): Verilog HDL Always Construct warning at DrowsinessDetector.sv(44): inferring latch(es) for variable "WE", which holds its previous value in one or more paths through the always construct
Warning (10240): Verilog HDL Always Construct warning at DrowsinessDetector.sv(44): inferring latch(es) for variable "dataIn", which holds its previous value in one or more paths through the always construct
Warning (10240): Verilog HDL Always Construct warning at DrowsinessDetector.sv(44): inferring latch(es) for variable "Address", which holds its previous value in one or more paths through the always construct
Warning (10240): Verilog HDL Always Construct warning at DrowsinessDetector.sv(44): inferring latch(es) for variable "weight", which holds its previous value in one or more paths through the always construct
Warning (10240): Verilog HDL Always Construct warning at DrowsinessDetector.sv(44): inferring latch(es) for variable "inVal", which holds its previous value in one or more paths through the always construct
Warning (10240): Verilog HDL Always Construct warning at DrowsinessDetector.sv(44): inferring latch(es) for variable "outVal", which holds its previous value in one or more paths through the always construct
Warning (10240): Verilog HDL Always Construct warning at DrowsinessDetector.sv(44): inferring latch(es) for variable "AF_in", which holds its previous value in one or more paths through the always construct
Info (10041): Inferred latch for "AF_in[0]" at DrowsinessDetector.sv(44)
Info (10041): Inferred latch for "AF_in[1]" at DrowsinessDetector.sv(44)
Info (10041): Inferred latch for "AF_in[2]" at DrowsinessDetector.sv(44)
Info (10041): Inferred latch for "AF_in[3]" at DrowsinessDetector.sv(44)
Info (10041): Inferred latch for "AF_in[4]" at DrowsinessDetector.sv(44)
Info (10041): Inferred latch for "AF_in[5]" at DrowsinessDetector.sv(44)
Info (10041): Inferred latch for "AF_in[6]" at DrowsinessDetector.sv(44)
Info (10041): Inferred latch for "AF_in[7]" at DrowsinessDetector.sv(44)
Info (10041): Inferred latch for "AF_in[8]" at DrowsinessDetector.sv(44)
Info (10041): Inferred latch for "AF_in[9]" at DrowsinessDetector.sv(44)
Info (10041): Inferred latch for "outVal[0]" at DrowsinessDetector.sv(44)
Info (10041): Inferred latch for "outVal[1]" at DrowsinessDetector.sv(44)
Info (10041): Inferred latch for "outVal[2]" at DrowsinessDetector.sv(44)
Info (10041): Inferred latch for "outVal[3]" at DrowsinessDetector.sv(44)
Info (10041): Inferred latch for "outVal[4]" at DrowsinessDetector.sv(44)
Info (10041): Inferred latch for "outVal[5]" at DrowsinessDetector.sv(44)
Info (10041): Inferred latch for "outVal[6]" at DrowsinessDetector.sv(44)
Info (10041): Inferred latch for "outVal[7]" at DrowsinessDetector.sv(44)
Info (10041): Inferred latch for "outVal[8]" at DrowsinessDetector.sv(44)
Info (10041): Inferred latch for "outVal[9]" at DrowsinessDetector.sv(44)
Info (10041): Inferred latch for "inVal[0]" at DrowsinessDetector.sv(44)
Info (10041): Inferred latch for "inVal[1]" at DrowsinessDetector.sv(44)
Info (10041): Inferred latch for "inVal[2]" at DrowsinessDetector.sv(44)
Info (10041): Inferred latch for "inVal[3]" at DrowsinessDetector.sv(44)
Info (10041): Inferred latch for "inVal[4]" at DrowsinessDetector.sv(44)
Info (10041): Inferred latch for "inVal[5]" at DrowsinessDetector.sv(44)
Info (10041): Inferred latch for "inVal[6]" at DrowsinessDetector.sv(44)
Info (10041): Inferred latch for "inVal[7]" at DrowsinessDetector.sv(44)
Info (10041): Inferred latch for "inVal[8]" at DrowsinessDetector.sv(44)
Info (10041): Inferred latch for "inVal[9]" at DrowsinessDetector.sv(44)
Info (10041): Inferred latch for "weight[0]" at DrowsinessDetector.sv(44)
Info (10041): Inferred latch for "weight[1]" at DrowsinessDetector.sv(44)
Info (10041): Inferred latch for "weight[2]" at DrowsinessDetector.sv(44)
Info (10041): Inferred latch for "weight[3]" at DrowsinessDetector.sv(44)
Info (10041): Inferred latch for "weight[4]" at DrowsinessDetector.sv(44)
Info (10041): Inferred latch for "weight[5]" at DrowsinessDetector.sv(44)
Info (10041): Inferred latch for "weight[6]" at DrowsinessDetector.sv(44)
Info (10041): Inferred latch for "weight[7]" at DrowsinessDetector.sv(44)
Info (10041): Inferred latch for "weight[8]" at DrowsinessDetector.sv(44)
Info (10041): Inferred latch for "weight[9]" at DrowsinessDetector.sv(44)
Info (10041): Inferred latch for "Address[0]" at DrowsinessDetector.sv(44)
Info (10041): Inferred latch for "Address[1]" at DrowsinessDetector.sv(44)
Info (10041): Inferred latch for "Address[2]" at DrowsinessDetector.sv(44)
Info (10041): Inferred latch for "Address[3]" at DrowsinessDetector.sv(44)
Info (10041): Inferred latch for "Address[4]" at DrowsinessDetector.sv(44)
Info (10041): Inferred latch for "Address[5]" at DrowsinessDetector.sv(44)
Info (10041): Inferred latch for "Address[6]" at DrowsinessDetector.sv(44)
Info (10041): Inferred latch for "dataIn[0]" at DrowsinessDetector.sv(44)
Info (10041): Inferred latch for "dataIn[1]" at DrowsinessDetector.sv(44)
Info (10041): Inferred latch for "dataIn[2]" at DrowsinessDetector.sv(44)
Info (10041): Inferred latch for "dataIn[3]" at DrowsinessDetector.sv(44)
Info (10041): Inferred latch for "dataIn[4]" at DrowsinessDetector.sv(44)
Info (10041): Inferred latch for "dataIn[5]" at DrowsinessDetector.sv(44)
Info (10041): Inferred latch for "dataIn[6]" at DrowsinessDetector.sv(44)
Info (10041): Inferred latch for "dataIn[7]" at DrowsinessDetector.sv(44)
Info (10041): Inferred latch for "dataIn[8]" at DrowsinessDetector.sv(44)
Info (10041): Inferred latch for "dataIn[9]" at DrowsinessDetector.sv(44)
Info (10041): Inferred latch for "WE" at DrowsinessDetector.sv(44)
Info (10041): Inferred latch for "nextState.hiddenLayer" at DrowsinessDetector.sv(44)
Info (10041): Inferred latch for "nextState.halt1" at DrowsinessDetector.sv(44)
Info (10041): Inferred latch for "nextState.readWeight" at DrowsinessDetector.sv(44)
Info (10041): Inferred latch for "nextState.weightInitiallize" at DrowsinessDetector.sv(44)
Info (10041): Inferred latch for "nextState.halt" at DrowsinessDetector.sv(44)
Info (10041): Inferred latch for "count0[0]" at DrowsinessDetector.sv(44)
Info (10041): Inferred latch for "count0[1]" at DrowsinessDetector.sv(44)
Info (10041): Inferred latch for "count0[2]" at DrowsinessDetector.sv(44)
Info (10041): Inferred latch for "count0[3]" at DrowsinessDetector.sv(44)
Info (10041): Inferred latch for "count0[4]" at DrowsinessDetector.sv(44)
Info (10041): Inferred latch for "count0[5]" at DrowsinessDetector.sv(44)
Info (10041): Inferred latch for "count0[6]" at DrowsinessDetector.sv(44)
Info (10041): Inferred latch for "count0[7]" at DrowsinessDetector.sv(44)
Info (10041): Inferred latch for "count0[8]" at DrowsinessDetector.sv(44)
Info (10041): Inferred latch for "count0[9]" at DrowsinessDetector.sv(44)
Info (10041): Inferred latch for "count1[0]" at DrowsinessDetector.sv(44)
Info (10041): Inferred latch for "count1[1]" at DrowsinessDetector.sv(44)
Info (10041): Inferred latch for "count1[2]" at DrowsinessDetector.sv(44)
Info (10041): Inferred latch for "count1[3]" at DrowsinessDetector.sv(44)
Info (10041): Inferred latch for "count1[4]" at DrowsinessDetector.sv(44)
Info (10041): Inferred latch for "count1[5]" at DrowsinessDetector.sv(44)
Info (10041): Inferred latch for "count1[6]" at DrowsinessDetector.sv(44)
Info (10041): Inferred latch for "count1[7]" at DrowsinessDetector.sv(44)
Info (10041): Inferred latch for "count1[8]" at DrowsinessDetector.sv(44)
Info (10041): Inferred latch for "count1[9]" at DrowsinessDetector.sv(44)
Info (10041): Inferred latch for "Clear" at DrowsinessDetector.sv(44)
Info (10041): Inferred latch for "on" at DrowsinessDetector.sv(44)
Info: Elaborating entity "HiddenLayer_top" for hierarchy "HiddenLayer_top:getMul"
Info: Elaborating entity "multiply" for hierarchy "HiddenLayer_top:getMul|multiply:mul"
Warning (10230): Verilog HDL assignment warning at multiply.sv(9): truncated value with size 32 to match size of target (10)
Info: Elaborating entity "ActivationFunc" for hierarchy "ActivationFunc:actFun"
Warning (10230): Verilog HDL assignment warning at ActivationFunc.sv(13): truncated value with size 32 to match size of target (10)
Info: Elaborating entity "LFSR" for hierarchy "LFSR:rndnm"
Info: Elaborating entity "WeightRAM" for hierarchy "WeightRAM:ram"
Warning (10230): Verilog HDL assignment warning at WeightRAM.sv(16): truncated value with size 64 to match size of target (10)
Warning (10240): Verilog HDL Always Construct warning at WeightRAM.sv(13): inferring latch(es) for variable "count", which holds its previous value in one or more paths through the always construct
Info: Inferred 2 megafunctions from design logic
    Info: Inferred multiplier megafunction ("lpm_mult") from the following logic: "HiddenLayer_top:getMul|multiply:mul|Mult0"
    Info: Inferred divider/modulo megafunction ("lpm_divide") from the following logic: "HiddenLayer_top:getMul|multiply:mul|Div0"
Info: Elaborated megafunction instantiation "HiddenLayer_top:getMul|multiply:mul|lpm_mult:Mult0"
Info: Instantiated megafunction "HiddenLayer_top:getMul|multiply:mul|lpm_mult:Mult0" with the following parameter:
    Info: Parameter "LPM_WIDTHA" = "10"
    Info: Parameter "LPM_WIDTHB" = "10"
    Info: Parameter "LPM_WIDTHP" = "20"
    Info: Parameter "LPM_WIDTHR" = "20"
    Info: Parameter "LPM_WIDTHS" = "1"
    Info: Parameter "LPM_REPRESENTATION" = "UNSIGNED"
    Info: Parameter "INPUT_A_IS_CONSTANT" = "NO"
    Info: Parameter "INPUT_B_IS_CONSTANT" = "NO"
    Info: Parameter "MAXIMIZE_SPEED" = "6"
Info: Found 1 design units, including 1 entities, in source file db/mult_oct.tdf
    Info: Found entity 1: mult_oct
Info: Elaborated megafunction instantiation "HiddenLayer_top:getMul|multiply:mul|lpm_divide:Div0"
Info: Instantiated megafunction "HiddenLayer_top:getMul|multiply:mul|lpm_divide:Div0" with the following parameter:
    Info: Parameter "LPM_WIDTHN" = "20"
    Info: Parameter "LPM_WIDTHD" = "10"
    Info: Parameter "LPM_NREPRESENTATION" = "UNSIGNED"
    Info: Parameter "LPM_DREPRESENTATION" = "UNSIGNED"
Info: Found 1 design units, including 1 entities, in source file db/lpm_divide_akm.tdf
    Info: Found entity 1: lpm_divide_akm
Info: Found 1 design units, including 1 entities, in source file db/sign_div_unsign_2nh.tdf
    Info: Found entity 1: sign_div_unsign_2nh
Info: Found 1 design units, including 1 entities, in source file db/alt_u_div_o9f.tdf
    Info: Found entity 1: alt_u_div_o9f
Info: Found 1 design units, including 1 entities, in source file db/add_sub_7pc.tdf
    Info: Found entity 1: add_sub_7pc
Info: Found 1 design units, including 1 entities, in source file db/add_sub_8pc.tdf
    Info: Found entity 1: add_sub_8pc
Warning: Latch count0[0]$latch has unsafe behavior
    Warning: Ports D and ENA on the latch are fed by the same signal state.hiddenLayer
Warning: Latch count0[1]$latch has unsafe behavior
    Warning: Ports D and ENA on the latch are fed by the same signal state.hiddenLayer
Warning: Latch count0[2]$latch has unsafe behavior
    Warning: Ports D and ENA on the latch are fed by the same signal state.hiddenLayer
Warning: Latch count0[3]$latch has unsafe behavior
    Warning: Ports D and ENA on the latch are fed by the same signal state.hiddenLayer
Warning: Latch count0[4]$latch has unsafe behavior
    Warning: Ports D and ENA on the latch are fed by the same signal state.hiddenLayer
Warning: Latch count0[5]$latch has unsafe behavior
    Warning: Ports D and ENA on the latch are fed by the same signal state.hiddenLayer
Warning: Latch count0[6]$latch has unsafe behavior
    Warning: Ports D and ENA on the latch are fed by the same signal state.hiddenLayer
Warning: Latch count0[7]$latch has unsafe behavior
    Warning: Ports D and ENA on the latch are fed by the same signal state.hiddenLayer
Warning: Latch count0[8]$latch has unsafe behavior
    Warning: Ports D and ENA on the latch are fed by the same signal state.hiddenLayer
Warning: Latch count0[9]$latch has unsafe behavior
    Warning: Ports D and ENA on the latch are fed by the same signal state.hiddenLayer
Warning: Latch count1[0]$latch has unsafe behavior
    Warning: Ports D and ENA on the latch are fed by the same signal state.hiddenLayer
Warning: Latch count1[1]$latch has unsafe behavior
    Warning: Ports D and ENA on the latch are fed by the same signal state.hiddenLayer
Warning: Latch count1[2]$latch has unsafe behavior
    Warning: Ports D and ENA on the latch are fed by the same signal state.hiddenLayer
Warning: Latch count1[3]$latch has unsafe behavior
    Warning: Ports D and ENA on the latch are fed by the same signal state.hiddenLayer
Warning: Latch count1[4]$latch has unsafe behavior
    Warning: Ports D and ENA on the latch are fed by the same signal state.hiddenLayer
Warning: Latch count1[5]$latch has unsafe behavior
    Warning: Ports D and ENA on the latch are fed by the same signal state.hiddenLayer
Warning: Latch count1[6]$latch has unsafe behavior
    Warning: Ports D and ENA on the latch are fed by the same signal state.hiddenLayer
Warning: Latch count1[7]$latch has unsafe behavior
    Warning: Ports D and ENA on the latch are fed by the same signal state.hiddenLayer
Warning: Latch count1[8]$latch has unsafe behavior
    Warning: Ports D and ENA on the latch are fed by the same signal state.hiddenLayer
Warning: Latch count1[9]$latch has unsafe behavior
    Warning: Ports D and ENA on the latch are fed by the same signal state.hiddenLayer
Warning: Latch Address[4] has unsafe behavior
    Warning: Ports D and ENA on the latch are fed by the same signal state.readWeight
Warning: Latch Address[5] has unsafe behavior
    Warning: Ports D and ENA on the latch are fed by the same signal state.readWeight
Warning: Latch Address[2] has unsafe behavior
    Warning: Ports D and ENA on the latch are fed by the same signal state.readWeight
Warning: Latch Address[3] has unsafe behavior
    Warning: Ports D and ENA on the latch are fed by the same signal state.readWeight
Warning: Latch Address[1] has unsafe behavior
    Warning: Ports D and ENA on the latch are fed by the same signal state.readWeight
Warning: Latch Address[6] has unsafe behavior
    Warning: Ports D and ENA on the latch are fed by the same signal state.readWeight
Warning: Latch nextState.halt_826 has unsafe behavior
    Warning: Ports D and ENA on the latch are fed by the same signal state.weightInitiallize
Warning: Latch nextState.readWeight_800 has unsafe behavior
    Warning: Ports D and ENA on the latch are fed by the same signal state.hiddenLayer
Warning: Latch nextState.halt1_787 has unsafe behavior
    Warning: Ports D and ENA on the latch are fed by the same signal state.hiddenLayer
Info: Registers with preset signals will power-up high
Info: DEV_CLRn pin will set, and not reset, register with preset signal due to NOT Gate Push-Back
Warning: Presettable and clearable registers converted to equivalent circuits with latches. Registers power-up to an undefined state, and DEVCLRn places the registers in an undefined state.
    Warning (13310): Register "HiddenLayer_top:getMul|outVal[0]" is converted into an equivalent circuit using register "HiddenLayer_top:getMul|outVal[0]~_emulated" and latch "HiddenLayer_top:getMul|outVal[0]~latch"
    Warning (13310): Register "HiddenLayer_top:getMul|outVal[1]" is converted into an equivalent circuit using register "HiddenLayer_top:getMul|outVal[1]~_emulated" and latch "HiddenLayer_top:getMul|outVal[1]~latch"
    Warning (13310): Register "HiddenLayer_top:getMul|outVal[2]" is converted into an equivalent circuit using register "HiddenLayer_top:getMul|outVal[2]~_emulated" and latch "HiddenLayer_top:getMul|outVal[2]~latch"
    Warning (13310): Register "HiddenLayer_top:getMul|outVal[3]" is converted into an equivalent circuit using register "HiddenLayer_top:getMul|outVal[3]~_emulated" and latch "HiddenLayer_top:getMul|outVal[3]~latch"
    Warning (13310): Register "HiddenLayer_top:getMul|outVal[4]" is converted into an equivalent circuit using register "HiddenLayer_top:getMul|outVal[4]~_emulated" and latch "HiddenLayer_top:getMul|outVal[4]~latch"
    Warning (13310): Register "HiddenLayer_top:getMul|outVal[5]" is converted into an equivalent circuit using register "HiddenLayer_top:getMul|outVal[5]~_emulated" and latch "HiddenLayer_top:getMul|outVal[5]~latch"
    Warning (13310): Register "HiddenLayer_top:getMul|outVal[6]" is converted into an equivalent circuit using register "HiddenLayer_top:getMul|outVal[6]~_emulated" and latch "HiddenLayer_top:getMul|outVal[6]~latch"
    Warning (13310): Register "HiddenLayer_top:getMul|outVal[7]" is converted into an equivalent circuit using register "HiddenLayer_top:getMul|outVal[7]~_emulated" and latch "HiddenLayer_top:getMul|outVal[7]~latch"
    Warning (13310): Register "HiddenLayer_top:getMul|outVal[8]" is converted into an equivalent circuit using register "HiddenLayer_top:getMul|outVal[8]~_emulated" and latch "HiddenLayer_top:getMul|outVal[8]~latch"
    Warning (13310): Register "HiddenLayer_top:getMul|outVal[9]" is converted into an equivalent circuit using register "HiddenLayer_top:getMul|outVal[9]~_emulated" and latch "HiddenLayer_top:getMul|outVal[9]~latch"
Info: Timing-Driven Synthesis is running
Info: 5 registers lost all their fanouts during netlist optimizations. The first 5 are displayed below.
    Info: Register "state.outputLayer" lost all its fanouts during netlist optimizations.
    Info: Register "state~4" lost all its fanouts during netlist optimizations.
    Info: Register "state~5" lost all its fanouts during netlist optimizations.
    Info: Register "state~6" lost all its fanouts during netlist optimizations.
    Info: Register "state~7" lost all its fanouts during netlist optimizations.
Info: Generating hard_block partition "hard_block:auto_generated_inst"
Info: Implemented 1937 device resources after synthesis - the final resource count might be different
    Info: Implemented 103 input pins
    Info: Implemented 50 output pins
    Info: Implemented 1782 logic cells
    Info: Implemented 2 DSP elements
Info: Quartus II Analysis & Synthesis was successful. 0 errors, 100 warnings
    Info: Peak virtual memory: 333 megabytes
    Info: Processing ended: Wed Dec 20 19:09:55 2017
    Info: Elapsed time: 00:00:06
    Info: Total CPU time (on all processors): 00:00:05


