Analysis & Synthesis report for WeighInitiallize
Wed Dec 13 11:23:05 2017
Quartus II Version 10.0 Build 218 06/27/2010 SJ Web Edition


---------------------
; Table of Contents ;
---------------------
  1. Legal Notice
  2. Analysis & Synthesis Summary
  3. Analysis & Synthesis Settings
  4. Parallel Compilation
  5. Analysis & Synthesis Source Files Read
  6. Analysis & Synthesis Resource Usage Summary
  7. Analysis & Synthesis Resource Utilization by Entity
  8. General Register Statistics
  9. Inverted Register Statistics
 10. Multiplexer Restructuring Statistics (Restructuring Performed)
 11. Parameter Settings for User Entity Instance: clk_div:t1
 12. Port Connectivity Checks: "WeightRAM:ram|LFSR:rndnm"
 13. Port Connectivity Checks: "WeightRAM:ram"
 14. Port Connectivity Checks: "clk_div:t1"
 15. Port Connectivity Checks: "counter:count65"
 16. Analysis & Synthesis Messages



----------------
; Legal Notice ;
----------------
Copyright (C) 1991-2010 Altera Corporation
Your use of Altera Corporation's design tools, logic functions 
and other software and tools, and its AMPP partner logic 
functions, and any output files from any of the foregoing 
(including device programming or simulation files), and any 
associated documentation or information are expressly subject 
to the terms and conditions of the Altera Program License 
Subscription Agreement, Altera MegaCore Function License 
Agreement, or other applicable license agreement, including, 
without limitation, that your use is for the sole purpose of 
programming logic devices manufactured by Altera and sold by 
Altera or its authorized distributors.  Please refer to the 
applicable agreement for further details.



+-------------------------------------------------------------------------------+
; Analysis & Synthesis Summary                                                  ;
+------------------------------------+------------------------------------------+
; Analysis & Synthesis Status        ; Successful - Wed Dec 13 11:23:05 2017    ;
; Quartus II Version                 ; 10.0 Build 218 06/27/2010 SJ Web Edition ;
; Revision Name                      ; WeighInitiallize                         ;
; Top-level Entity Name              ; WeighInitiallize                         ;
; Family                             ; Cyclone IV E                             ;
; Total logic elements               ; 1,188                                    ;
;     Total combinational functions  ; 790                                      ;
;     Dedicated logic registers      ; 680                                      ;
; Total registers                    ; 680                                      ;
; Total pins                         ; 14                                       ;
; Total virtual pins                 ; 0                                        ;
; Total memory bits                  ; 0                                        ;
; Embedded Multiplier 9-bit elements ; 0                                        ;
; Total PLLs                         ; 0                                        ;
+------------------------------------+------------------------------------------+


+----------------------------------------------------------------------------------------------------------------------+
; Analysis & Synthesis Settings                                                                                        ;
+----------------------------------------------------------------------------+--------------------+--------------------+
; Option                                                                     ; Setting            ; Default Value      ;
+----------------------------------------------------------------------------+--------------------+--------------------+
; Device                                                                     ; EP4CE115F29C7      ;                    ;
; Top-level entity name                                                      ; WeighInitiallize   ; WeighInitiallize   ;
; Family name                                                                ; Cyclone IV E       ; Stratix II         ;
; Use smart compilation                                                      ; Off                ; Off                ;
; Enable parallel Assembler and TimeQuest Timing Analyzer during compilation ; On                 ; On                 ;
; Enable compact report table                                                ; Off                ; Off                ;
; Restructure Multiplexers                                                   ; Auto               ; Auto               ;
; Create Debugging Nodes for IP Cores                                        ; Off                ; Off                ;
; Preserve fewer node names                                                  ; On                 ; On                 ;
; Disable OpenCore Plus hardware evaluation                                  ; Off                ; Off                ;
; Verilog Version                                                            ; Verilog_2001       ; Verilog_2001       ;
; VHDL Version                                                               ; VHDL_1993          ; VHDL_1993          ;
; State Machine Processing                                                   ; Auto               ; Auto               ;
; Safe State Machine                                                         ; Off                ; Off                ;
; Extract Verilog State Machines                                             ; On                 ; On                 ;
; Extract VHDL State Machines                                                ; On                 ; On                 ;
; Ignore Verilog initial constructs                                          ; Off                ; Off                ;
; Iteration limit for constant Verilog loops                                 ; 5000               ; 5000               ;
; Iteration limit for non-constant Verilog loops                             ; 250                ; 250                ;
; Add Pass-Through Logic to Inferred RAMs                                    ; On                 ; On                 ;
; Parallel Synthesis                                                         ; On                 ; On                 ;
; DSP Block Balancing                                                        ; Auto               ; Auto               ;
; NOT Gate Push-Back                                                         ; On                 ; On                 ;
; Power-Up Don't Care                                                        ; On                 ; On                 ;
; Remove Redundant Logic Cells                                               ; Off                ; Off                ;
; Remove Duplicate Registers                                                 ; On                 ; On                 ;
; Ignore CARRY Buffers                                                       ; Off                ; Off                ;
; Ignore CASCADE Buffers                                                     ; Off                ; Off                ;
; Ignore GLOBAL Buffers                                                      ; Off                ; Off                ;
; Ignore ROW GLOBAL Buffers                                                  ; Off                ; Off                ;
; Ignore LCELL Buffers                                                       ; Off                ; Off                ;
; Ignore SOFT Buffers                                                        ; On                 ; On                 ;
; Limit AHDL Integers to 32 Bits                                             ; Off                ; Off                ;
; Optimization Technique                                                     ; Balanced           ; Balanced           ;
; Carry Chain Length                                                         ; 70                 ; 70                 ;
; Auto Carry Chains                                                          ; On                 ; On                 ;
; Auto Open-Drain Pins                                                       ; On                 ; On                 ;
; Perform WYSIWYG Primitive Resynthesis                                      ; Off                ; Off                ;
; Auto ROM Replacement                                                       ; On                 ; On                 ;
; Auto RAM Replacement                                                       ; On                 ; On                 ;
; Auto DSP Block Replacement                                                 ; On                 ; On                 ;
; Auto Shift Register Replacement                                            ; Auto               ; Auto               ;
; Auto Clock Enable Replacement                                              ; On                 ; On                 ;
; Strict RAM Replacement                                                     ; Off                ; Off                ;
; Allow Synchronous Control Signals                                          ; On                 ; On                 ;
; Force Use of Synchronous Clear Signals                                     ; Off                ; Off                ;
; Auto RAM Block Balancing                                                   ; On                 ; On                 ;
; Auto RAM to Logic Cell Conversion                                          ; Off                ; Off                ;
; Auto Resource Sharing                                                      ; Off                ; Off                ;
; Allow Any RAM Size For Recognition                                         ; Off                ; Off                ;
; Allow Any ROM Size For Recognition                                         ; Off                ; Off                ;
; Allow Any Shift Register Size For Recognition                              ; Off                ; Off                ;
; Use LogicLock Constraints during Resource Balancing                        ; On                 ; On                 ;
; Ignore translate_off and synthesis_off directives                          ; Off                ; Off                ;
; Timing-Driven Synthesis                                                    ; On                 ; On                 ;
; Report Parameter Settings                                                  ; On                 ; On                 ;
; Report Source Assignments                                                  ; On                 ; On                 ;
; Report Connectivity Checks                                                 ; On                 ; On                 ;
; Ignore Maximum Fan-Out Assignments                                         ; Off                ; Off                ;
; Synchronization Register Chain Length                                      ; 2                  ; 2                  ;
; PowerPlay Power Optimization                                               ; Normal compilation ; Normal compilation ;
; HDL message level                                                          ; Level2             ; Level2             ;
; Suppress Register Optimization Related Messages                            ; Off                ; Off                ;
; Number of Removed Registers Reported in Synthesis Report                   ; 5000               ; 5000               ;
; Number of Inverted Registers Reported in Synthesis Report                  ; 100                ; 100                ;
; Clock MUX Protection                                                       ; On                 ; On                 ;
; Auto Gated Clock Conversion                                                ; Off                ; Off                ;
; Block Design Naming                                                        ; Auto               ; Auto               ;
; SDC constraint protection                                                  ; Off                ; Off                ;
; Synthesis Effort                                                           ; Auto               ; Auto               ;
; Shift Register Replacement - Allow Asynchronous Clear Signal               ; On                 ; On                 ;
; Analysis & Synthesis Message Level                                         ; Medium             ; Medium             ;
; Disable Register Merging Across Hierarchies                                ; Auto               ; Auto               ;
; Resource Aware Inference For Block RAM                                     ; On                 ; On                 ;
; Synthesis Seed                                                             ; 1                  ; 1                  ;
+----------------------------------------------------------------------------+--------------------+--------------------+


Parallel compilation was disabled, but you have multiple processors available. Enable parallel compilation to reduce compilation time.
+-------------------------------------+
; Parallel Compilation                ;
+----------------------------+--------+
; Processors                 ; Number ;
+----------------------------+--------+
; Number detected on machine ; 4      ;
; Maximum allowed            ; 1      ;
+----------------------------+--------+


+-------------------------------------------------------------------------------------------------------------------------------------------------------------------------+
; Analysis & Synthesis Source Files Read                                                                                                                                  ;
+----------------------------------+-----------------+------------------------------+-------------------------------------------------------------------------------------+
; File Name with User-Entered Path ; Used in Netlist ; File Type                    ; File Name with Absolute Path                                                        ;
+----------------------------------+-----------------+------------------------------+-------------------------------------------------------------------------------------+
; ../WeightOptimization/counter.sv ; yes             ; User SystemVerilog HDL File  ; C:/Users/user3/Desktop/FYP_DrowsinessDetector/WeightOptimization/counter.sv         ;
; clk_div.sv                       ; yes             ; User SystemVerilog HDL File  ; C:/Users/user3/Desktop/FYP_DrowsinessDetector/WeightInitiallize/clk_div.sv          ;
; WeightRAM.sv                     ; yes             ; User SystemVerilog HDL File  ; C:/Users/user3/Desktop/FYP_DrowsinessDetector/WeightInitiallize/WeightRAM.sv        ;
; LFSR.sv                          ; yes             ; User SystemVerilog HDL File  ; C:/Users/user3/Desktop/FYP_DrowsinessDetector/WeightInitiallize/LFSR.sv             ;
; WeighInitiallize.sv              ; yes             ; User SystemVerilog HDL File  ; C:/Users/user3/Desktop/FYP_DrowsinessDetector/WeightInitiallize/WeighInitiallize.sv ;
+----------------------------------+-----------------+------------------------------+-------------------------------------------------------------------------------------+


+-----------------------------------------------------------+
; Analysis & Synthesis Resource Usage Summary               ;
+---------------------------------------------+-------------+
; Resource                                    ; Usage       ;
+---------------------------------------------+-------------+
; Estimated Total logic elements              ; 1,188       ;
;                                             ;             ;
; Total combinational functions               ; 790         ;
; Logic element usage by number of LUT inputs ;             ;
;     -- 4 input functions                    ; 501         ;
;     -- 3 input functions                    ; 11          ;
;     -- <=2 input functions                  ; 278         ;
;                                             ;             ;
; Logic elements by mode                      ;             ;
;     -- normal mode                          ; 781         ;
;     -- arithmetic mode                      ; 9           ;
;                                             ;             ;
; Total registers                             ; 680         ;
;     -- Dedicated logic registers            ; 680         ;
;     -- I/O registers                        ; 0           ;
;                                             ;             ;
; I/O pins                                    ; 14          ;
; Maximum fan-out node                        ; Clock~input ;
; Maximum fan-out                             ; 680         ;
; Total fan-out                               ; 5045        ;
; Average fan-out                             ; 3.37        ;
+---------------------------------------------+-------------+


+--------------------------------------------------------------------------------------------------------------------------------------------------------------------------------------------------------+
; Analysis & Synthesis Resource Utilization by Entity                                                                                                                                                    ;
+----------------------------+-------------------+--------------+-------------+------------+--------------+---------+-----------+------+--------------+-----------------------------------+--------------+
; Compilation Hierarchy Node ; LC Combinationals ; LC Registers ; Memory Bits ; DSP Blocks ; DSP Elements ; DSP 9x9 ; DSP 18x18 ; Pins ; Virtual Pins ; Full Hierarchy Name               ; Library Name ;
+----------------------------+-------------------+--------------+-------------+------------+--------------+---------+-----------+------+--------------+-----------------------------------+--------------+
; |WeighInitiallize          ; 790 (0)           ; 680 (0)      ; 0           ; 0          ; 0            ; 0       ; 0         ; 14   ; 0            ; |WeighInitiallize                 ;              ;
;    |LFSR:rndnm|            ; 2 (2)             ; 10 (10)      ; 0           ; 0          ; 0            ; 0       ; 0         ; 0    ; 0            ; |WeighInitiallize|LFSR:rndnm      ;              ;
;    |WeightRAM:ram|         ; 776 (776)         ; 660 (660)    ; 0           ; 0          ; 0            ; 0       ; 0         ; 0    ; 0            ; |WeighInitiallize|WeightRAM:ram   ;              ;
;    |counter:count65|       ; 12 (12)           ; 10 (10)      ; 0           ; 0          ; 0            ; 0       ; 0         ; 0    ; 0            ; |WeighInitiallize|counter:count65 ;              ;
+----------------------------+-------------------+--------------+-------------+------------+--------------+---------+-----------+------+--------------+-----------------------------------+--------------+
Note: For table entries with two numbers listed, the numbers in parentheses indicate the number of resources of the given type used by the specific entity alone. The numbers listed outside of parentheses indicate the total resources of the given type used by the specific entity and all of its sub-entities in the hierarchy.


+------------------------------------------------------+
; General Register Statistics                          ;
+----------------------------------------------+-------+
; Statistic                                    ; Value ;
+----------------------------------------------+-------+
; Total registers                              ; 680   ;
; Number of registers using Synchronous Clear  ; 10    ;
; Number of registers using Synchronous Load   ; 0     ;
; Number of registers using Asynchronous Clear ; 660   ;
; Number of registers using Asynchronous Load  ; 0     ;
; Number of registers using Clock Enable       ; 660   ;
; Number of registers using Preset             ; 0     ;
+----------------------------------------------+-------+


+--------------------------------------------------+
; Inverted Register Statistics                     ;
+----------------------------------------+---------+
; Inverted Register                      ; Fan out ;
+----------------------------------------+---------+
; LFSR:rndnm|data[0]                     ; 66      ;
; LFSR:rndnm|data[1]                     ; 66      ;
; LFSR:rndnm|data[2]                     ; 66      ;
; LFSR:rndnm|data[3]                     ; 66      ;
; Total number of inverted registers = 4 ;         ;
+----------------------------------------+---------+


+----------------------------------------------------------------------------------------------------------------------------------------------------------+
; Multiplexer Restructuring Statistics (Restructuring Performed)                                                                                           ;
+--------------------+-----------+---------------+----------------------+------------------------+------------+--------------------------------------------+
; Multiplexer Inputs ; Bus Width ; Baseline Area ; Area if Restructured ; Saving if Restructured ; Registered ; Example Multiplexer Output                 ;
+--------------------+-----------+---------------+----------------------+------------------------+------------+--------------------------------------------+
; 3:1                ; 10 bits   ; 20 LEs        ; 10 LEs               ; 10 LEs                 ; Yes        ; |WeighInitiallize|counter:count65|count[6] ;
; 128:1              ; 10 bits   ; 850 LEs       ; 440 LEs              ; 410 LEs                ; Yes        ; |WeighInitiallize|WeightRAM:ram|Q[0]       ;
+--------------------+-----------+---------------+----------------------+------------------------+------------+--------------------------------------------+


+---------------------------------------------------------+
; Parameter Settings for User Entity Instance: clk_div:t1 ;
+----------------+-------+--------------------------------+
; Parameter Name ; Value ; Type                           ;
+----------------+-------+--------------------------------+
; WIDTH          ; 4     ; Signed Integer                 ;
; N              ; 5     ; Signed Integer                 ;
+----------------+-------+--------------------------------+
Note: In order to hide this table in the UI and the text report file, please set the "Show Parameter Settings in Synthesis Report" option in "Analysis and Synthesis Settings -> More Settings" to "Off".


+----------------------------------------------------------------------------------------------------------------+
; Port Connectivity Checks: "WeightRAM:ram|LFSR:rndnm"                                                           ;
+------+--------+----------+-------------------------------------------------------------------------------------+
; Port ; Type   ; Severity ; Details                                                                             ;
+------+--------+----------+-------------------------------------------------------------------------------------+
; data ; Output ; Info     ; Connected to dangling logic. Logic that only feeds a dangling port will be removed. ;
+------+--------+----------+-------------------------------------------------------------------------------------+


+----------------------------------------------------------------------------------------------------------------------------------------------------------------------------------------------------------------+
; Port Connectivity Checks: "WeightRAM:ram"                                                                                                                                                                      ;
+---------+-------+----------+-----------------------------------------------------------------------------------------------------------------------------------------------------------------------------------+
; Port    ; Type  ; Severity ; Details                                                                                                                                                                           ;
+---------+-------+----------+-----------------------------------------------------------------------------------------------------------------------------------------------------------------------------------+
; Address ; Input ; Warning  ; Input port expression (10 bits) is wider than the input port (7 bits) it drives.  The 3 most-significant bit(s) in the expression will be dangling if they have no other fanouts. ;
+---------+-------+----------+-----------------------------------------------------------------------------------------------------------------------------------------------------------------------------------+


+-------------------------------------------------------------------------------------------------------------------+
; Port Connectivity Checks: "clk_div:t1"                                                                            ;
+---------+--------+----------+-------------------------------------------------------------------------------------+
; Port    ; Type   ; Severity ; Details                                                                             ;
+---------+--------+----------+-------------------------------------------------------------------------------------+
; clk_out ; Output ; Info     ; Connected to dangling logic. Logic that only feeds a dangling port will be removed. ;
+---------+--------+----------+-------------------------------------------------------------------------------------+


+-----------------------------------------------------------------------------------------------------------------------+
; Port Connectivity Checks: "counter:count65"                                                                           ;
+-------------+--------+----------+-------------------------------------------------------------------------------------+
; Port        ; Type   ; Severity ; Details                                                                             ;
+-------------+--------+----------+-------------------------------------------------------------------------------------+
; max[9..7]   ; Input  ; Info     ; Stuck at GND                                                                        ;
; max[5..1]   ; Input  ; Info     ; Stuck at GND                                                                        ;
; max[6]      ; Input  ; Info     ; Stuck at VCC                                                                        ;
; max[0]      ; Input  ; Info     ; Stuck at VCC                                                                        ;
; count[9..7] ; Output ; Info     ; Connected to dangling logic. Logic that only feeds a dangling port will be removed. ;
+-------------+--------+----------+-------------------------------------------------------------------------------------+


+-------------------------------+
; Analysis & Synthesis Messages ;
+-------------------------------+
Info: *******************************************************************
Info: Running Quartus II Analysis & Synthesis
    Info: Version 10.0 Build 218 06/27/2010 SJ Web Edition
    Info: Processing started: Wed Dec 13 11:23:02 2017
Info: Command: quartus_map --read_settings_files=on --write_settings_files=off WeighInitiallize -c WeighInitiallize
Info: Found 1 design units, including 1 entities, in source file /users/user3/desktop/fyp_drowsinessdetector/weightoptimization/counter.sv
    Info: Found entity 1: counter
Info: Found 1 design units, including 1 entities, in source file _7segmentdisplay.sv
    Info: Found entity 1: _7SegmentDisplay
Info: Found 1 design units, including 1 entities, in source file clk_div.sv
    Info: Found entity 1: clk_div
Info: Found 1 design units, including 1 entities, in source file weightram.sv
    Info: Found entity 1: WeightRAM
Info: Found 1 design units, including 1 entities, in source file lfsr.sv
    Info: Found entity 1: LFSR
Info: Found 1 design units, including 1 entities, in source file weightram_tb.sv
    Info: Found entity 1: WeightRAM_tb
Info: Found 1 design units, including 1 entities, in source file weightram_download.sv
    Info: Found entity 1: WeightRAM_download
Info: Found 1 design units, including 1 entities, in source file weighinitiallize.sv
    Info: Found entity 1: WeighInitiallize
Info: Found 1 design units, including 1 entities, in source file weighinitiallize_tb.sv
    Info: Found entity 1: WeighInitiallize_tb
Info: Elaborating entity "WeighInitiallize" for the top level hierarchy
Info: Elaborating entity "LFSR" for hierarchy "LFSR:rndnm"
Info: Elaborating entity "counter" for hierarchy "counter:count65"
Info: Elaborating entity "clk_div" for hierarchy "clk_div:t1"
Warning (10230): Verilog HDL assignment warning at clk_div.sv(25): truncated value with size 32 to match size of target (4)
Info: Elaborating entity "WeightRAM" for hierarchy "WeightRAM:ram"
Warning (10240): Verilog HDL Always Construct warning at WeightRAM.sv(13): inferring latch(es) for variable "count", which holds its previous value in one or more paths through the always construct
Warning: 1 hierarchies have connectivity warnings - see the Connectivity Checks report folder
Info: Registers with preset signals will power-up high
Info: DEV_CLRn pin will set, and not reset, register with preset signal due to NOT Gate Push-Back
Info: Timing-Driven Synthesis is running
Info: Generating hard_block partition "hard_block:auto_generated_inst"
Info: Implemented 1202 device resources after synthesis - the final resource count might be different
    Info: Implemented 4 input pins
    Info: Implemented 10 output pins
    Info: Implemented 1188 logic cells
Info: Quartus II Analysis & Synthesis was successful. 0 errors, 3 warnings
    Info: Peak virtual memory: 279 megabytes
    Info: Processing ended: Wed Dec 13 11:23:05 2017
    Info: Elapsed time: 00:00:03
    Info: Total CPU time (on all processors): 00:00:03


