Flow report for WeighInitiallize
Thu Dec 07 01:20:39 2017
Quartus II Version 10.0 Build 218 06/27/2010 SJ Web Edition


---------------------
; Table of Contents ;
---------------------
  1. Legal Notice
  2. Flow Summary
  3. Flow Settings
  4. Flow Non-Default Global Settings
  5. Flow Elapsed Time
  6. Flow OS Summary
  7. Flow Log



----------------
; Legal Notice ;
----------------
Copyright (C) 1991-2010 Altera Corporation
Your use of Altera Corporation's design tools, logic functions 
and other software and tools, and its AMPP partner logic 
functions, and any output files from any of the foregoing 
(including device programming or simulation files), and any 
associated documentation or information are expressly subject 
to the terms and conditions of the Altera Program License 
Subscription Agreement, Altera MegaCore Function License 
Agreement, or other applicable license agreement, including, 
without limitation, that your use is for the sole purpose of 
programming logic devices manufactured by Altera and sold by 
Altera or its authorized distributors.  Please refer to the 
applicable agreement for further details.



+-------------------------------------------------------------------------------+
; Flow Summary                                                                  ;
+------------------------------------+------------------------------------------+
; Flow Status                        ; Successful - Thu Dec 07 01:20:35 2017    ;
; Quartus II Version                 ; 10.0 Build 218 06/27/2010 SJ Web Edition ;
; Revision Name                      ; WeighInitiallize                         ;
; Top-level Entity Name              ; WeightRAM_download                       ;
; Family                             ; Cyclone IV E                             ;
; Device                             ; EP4CE115F29C7                            ;
; Timing Models                      ; Final                                    ;
; Met timing requirements            ; N/A                                      ;
; Total logic elements               ; 6,050 / 114,480 ( 5 % )                  ;
;     Total combinational functions  ; 5,442 / 114,480 ( 5 % )                  ;
;     Dedicated logic registers      ; 917 / 114,480 ( < 1 % )                  ;
; Total registers                    ; 917                                      ;
; Total pins                         ; 41 / 529 ( 8 % )                         ;
; Total virtual pins                 ; 0                                        ;
; Total memory bits                  ; 0 / 3,981,312 ( 0 % )                    ;
; Embedded Multiplier 9-bit elements ; 0 / 532 ( 0 % )                          ;
; Total PLLs                         ; 0 / 4 ( 0 % )                            ;
+------------------------------------+------------------------------------------+


+-----------------------------------------+
; Flow Settings                           ;
+-------------------+---------------------+
; Option            ; Setting             ;
+-------------------+---------------------+
; Start date & time ; 12/07/2017 01:15:18 ;
; Main task         ; Compilation         ;
; Revision Name     ; WeighInitiallize    ;
+-------------------+---------------------+


+----------------------------------------------------------------------------------------------------------------------------------+
; Flow Non-Default Global Settings                                                                                                 ;
+-------------------------------------+---------------------------------------+------------------+--------------------+------------+
; Assignment Name                     ; Value                                 ; Default Value    ; Entity Name        ; Section Id ;
+-------------------------------------+---------------------------------------+------------------+--------------------+------------+
; COMPILER_SIGNATURE_ID               ; 30902515113511.151258051804160        ; --               ; --                 ; --         ;
; MAX_CORE_JUNCTION_TEMP              ; 85                                    ; --               ; --                 ; --         ;
; MIN_CORE_JUNCTION_TEMP              ; 0                                     ; --               ; --                 ; --         ;
; PARTITION_COLOR                     ; 16764057                              ; --               ; WeightRAM_download ; Top        ;
; PARTITION_FITTER_PRESERVATION_LEVEL ; PLACEMENT_AND_ROUTING                 ; --               ; WeightRAM_download ; Top        ;
; PARTITION_NETLIST_TYPE              ; SOURCE                                ; --               ; WeightRAM_download ; Top        ;
; POWER_BOARD_THERMAL_MODEL           ; None (CONSERVATIVE)                   ; --               ; --                 ; --         ;
; POWER_PRESET_COOLING_SOLUTION       ; 23 MM HEAT SINK WITH 200 LFPM AIRFLOW ; --               ; --                 ; --         ;
; PROJECT_OUTPUT_DIRECTORY            ; output_files                          ; --               ; --                 ; --         ;
; TOP_LEVEL_ENTITY                    ; WeightRAM_download                    ; WeighInitiallize ; --                 ; --         ;
+-------------------------------------+---------------------------------------+------------------+--------------------+------------+


+-------------------------------------------------------------------------------------------------------------------------------+
; Flow Elapsed Time                                                                                                             ;
+---------------------------+--------------+-------------------------+---------------------+------------------------------------+
; Module Name               ; Elapsed Time ; Average Processors Used ; Peak Virtual Memory ; Total CPU Time (on all processors) ;
+---------------------------+--------------+-------------------------+---------------------+------------------------------------+
; Analysis & Synthesis      ; 00:00:20     ; 1.0                     ; 325 MB              ; 00:00:20                           ;
; Fitter                    ; 00:04:48     ; 1.0                     ; 578 MB              ; 00:04:47                           ;
; Assembler                 ; 00:00:05     ; 1.0                     ; 530 MB              ; 00:00:05                           ;
; TimeQuest Timing Analyzer ; 00:00:09     ; 1.0                     ; 404 MB              ; 00:00:08                           ;
; Total                     ; 00:05:22     ; --                      ; --                  ; 00:05:20                           ;
+---------------------------+--------------+-------------------------+---------------------+------------------------------------+


+--------------------------------------------------------------------------------------------+
; Flow OS Summary                                                                            ;
+---------------------------+------------------+---------------+------------+----------------+
; Module Name               ; Machine Hostname ; OS Name       ; OS Version ; Processor type ;
+---------------------------+------------------+---------------+------------+----------------+
; Analysis & Synthesis      ; DESKTOP-3L6AK1F  ; Windows Vista ; 6.2        ; x86_64         ;
; Fitter                    ; DESKTOP-3L6AK1F  ; Windows Vista ; 6.2        ; x86_64         ;
; Assembler                 ; DESKTOP-3L6AK1F  ; Windows Vista ; 6.2        ; x86_64         ;
; TimeQuest Timing Analyzer ; DESKTOP-3L6AK1F  ; Windows Vista ; 6.2        ; x86_64         ;
+---------------------------+------------------+---------------+------------+----------------+


------------
; Flow Log ;
------------
quartus_map --read_settings_files=on --write_settings_files=off WeighInitiallize -c WeighInitiallize
quartus_fit --read_settings_files=off --write_settings_files=off WeighInitiallize -c WeighInitiallize
quartus_asm --read_settings_files=off --write_settings_files=off WeighInitiallize -c WeighInitiallize
quartus_sta WeighInitiallize -c WeighInitiallize



