Flow report for DrowsinessDetector
Tue Jan 02 00:13:01 2018
Quartus II Version 10.0 Build 218 06/27/2010 SJ Web Edition


---------------------
; Table of Contents ;
---------------------
  1. Legal Notice
  2. Flow Summary
  3. Flow Settings
  4. Flow Non-Default Global Settings
  5. Flow Elapsed Time
  6. Flow OS Summary
  7. Flow Log



----------------
; Legal Notice ;
----------------
Copyright (C) 1991-2010 Altera Corporation
Your use of Altera Corporation's design tools, logic functions 
and other software and tools, and its AMPP partner logic 
functions, and any output files from any of the foregoing 
(including device programming or simulation files), and any 
associated documentation or information are expressly subject 
to the terms and conditions of the Altera Program License 
Subscription Agreement, Altera MegaCore Function License 
Agreement, or other applicable license agreement, including, 
without limitation, that your use is for the sole purpose of 
programming logic devices manufactured by Altera and sold by 
Altera or its authorized distributors.  Please refer to the 
applicable agreement for further details.



+-------------------------------------------------------------------------------+
; Flow Summary                                                                  ;
+------------------------------------+------------------------------------------+
; Flow Status                        ; Successful - Tue Jan 02 00:11:10 2018    ;
; Quartus II Version                 ; 10.0 Build 218 06/27/2010 SJ Web Edition ;
; Revision Name                      ; DrowsinessDetector                       ;
; Top-level Entity Name              ; topModule                                ;
; Family                             ; Cyclone IV E                             ;
; Device                             ; EP4CE115F29C7                            ;
; Timing Models                      ; Final                                    ;
; Met timing requirements            ; N/A                                      ;
; Total logic elements               ; 25,146 / 114,480 ( 22 % )                ;
;     Total combinational functions  ; 23,920 / 114,480 ( 21 % )                ;
;     Dedicated logic registers      ; 3,729 / 114,480 ( 3 % )                  ;
; Total registers                    ; 3729                                     ;
; Total pins                         ; 106 / 529 ( 20 % )                       ;
; Total virtual pins                 ; 0                                        ;
; Total memory bits                  ; 0 / 3,981,312 ( 0 % )                    ;
; Embedded Multiplier 9-bit elements ; 22 / 532 ( 4 % )                         ;
; Total PLLs                         ; 0 / 4 ( 0 % )                            ;
+------------------------------------+------------------------------------------+


+-----------------------------------------+
; Flow Settings                           ;
+-------------------+---------------------+
; Option            ; Setting             ;
+-------------------+---------------------+
; Start date & time ; 01/02/2018 00:04:28 ;
; Main task         ; Compilation         ;
; Revision Name     ; DrowsinessDetector  ;
+-------------------+---------------------+


+-----------------------------------------------------------------------------------------------------------------------------+
; Flow Non-Default Global Settings                                                                                            ;
+-------------------------------------+---------------------------------------+--------------------+-------------+------------+
; Assignment Name                     ; Value                                 ; Default Value      ; Entity Name ; Section Id ;
+-------------------------------------+---------------------------------------+--------------------+-------------+------------+
; COMPILER_SIGNATURE_ID               ; 30902515113511.151482266818552        ; --                 ; --          ; --         ;
; MAX_CORE_JUNCTION_TEMP              ; 85                                    ; --                 ; --          ; --         ;
; MIN_CORE_JUNCTION_TEMP              ; 0                                     ; --                 ; --          ; --         ;
; NOMINAL_CORE_SUPPLY_VOLTAGE         ; 1.2V                                  ; --                 ; --          ; --         ;
; PARTITION_COLOR                     ; 16764057                              ; --                 ; topModule   ; Top        ;
; PARTITION_FITTER_PRESERVATION_LEVEL ; PLACEMENT_AND_ROUTING                 ; --                 ; topModule   ; Top        ;
; PARTITION_NETLIST_TYPE              ; SOURCE                                ; --                 ; topModule   ; Top        ;
; POWER_BOARD_THERMAL_MODEL           ; None (CONSERVATIVE)                   ; --                 ; --          ; --         ;
; POWER_PRESET_COOLING_SOLUTION       ; 23 MM HEAT SINK WITH 200 LFPM AIRFLOW ; --                 ; --          ; --         ;
; TOP_LEVEL_ENTITY                    ; topModule                             ; DrowsinessDetector ; --          ; --         ;
+-------------------------------------+---------------------------------------+--------------------+-------------+------------+


+-------------------------------------------------------------------------------------------------------------------------------+
; Flow Elapsed Time                                                                                                             ;
+---------------------------+--------------+-------------------------+---------------------+------------------------------------+
; Module Name               ; Elapsed Time ; Average Processors Used ; Peak Virtual Memory ; Total CPU Time (on all processors) ;
+---------------------------+--------------+-------------------------+---------------------+------------------------------------+
; Analysis & Synthesis      ; 00:02:39     ; 1.0                     ; 409 MB              ; 00:01:18                           ;
; Fitter                    ; 00:03:28     ; 1.0                     ; 625 MB              ; 00:01:45                           ;
; Assembler                 ; 00:00:15     ; 1.0                     ; 560 MB              ; 00:00:07                           ;
; TimeQuest Timing Analyzer ; 00:02:06     ; 1.0                     ; 597 MB              ; 00:01:05                           ;
; Total                     ; 00:08:28     ; --                      ; --                  ; 00:04:15                           ;
+---------------------------+--------------+-------------------------+---------------------+------------------------------------+


+--------------------------------------------------------------------------------------------+
; Flow OS Summary                                                                            ;
+---------------------------+------------------+---------------+------------+----------------+
; Module Name               ; Machine Hostname ; OS Name       ; OS Version ; Processor type ;
+---------------------------+------------------+---------------+------------+----------------+
; Analysis & Synthesis      ; DESKTOP-3L6AK1F  ; Windows Vista ; 6.2        ; x86_64         ;
; Fitter                    ; DESKTOP-3L6AK1F  ; Windows Vista ; 6.2        ; x86_64         ;
; Assembler                 ; DESKTOP-3L6AK1F  ; Windows Vista ; 6.2        ; x86_64         ;
; TimeQuest Timing Analyzer ; DESKTOP-3L6AK1F  ; Windows Vista ; 6.2        ; x86_64         ;
+---------------------------+------------------+---------------+------------+----------------+


------------
; Flow Log ;
------------
quartus_map --read_settings_files=on --write_settings_files=off DrowsinessDetector -c DrowsinessDetector
quartus_fit --read_settings_files=off --write_settings_files=off DrowsinessDetector -c DrowsinessDetector
quartus_asm --read_settings_files=off --write_settings_files=off DrowsinessDetector -c DrowsinessDetector
quartus_sta DrowsinessDetector -c DrowsinessDetector



