Flow report for WeightOptimization
Fri Nov 17 06:29:00 2017
Quartus II Version 10.0 Build 218 06/27/2010 SJ Web Edition


---------------------
; Table of Contents ;
---------------------
  1. Legal Notice
  2. Flow Summary
  3. Flow Settings
  4. Flow Non-Default Global Settings
  5. Flow Elapsed Time
  6. Flow OS Summary
  7. Flow Log



----------------
; Legal Notice ;
----------------
Copyright (C) 1991-2010 Altera Corporation
Your use of Altera Corporation's design tools, logic functions 
and other software and tools, and its AMPP partner logic 
functions, and any output files from any of the foregoing 
(including device programming or simulation files), and any 
associated documentation or information are expressly subject 
to the terms and conditions of the Altera Program License 
Subscription Agreement, Altera MegaCore Function License 
Agreement, or other applicable license agreement, including, 
without limitation, that your use is for the sole purpose of 
programming logic devices manufactured by Altera and sold by 
Altera or its authorized distributors.  Please refer to the 
applicable agreement for further details.



+-------------------------------------------------------------------------------+
; Flow Summary                                                                  ;
+------------------------------------+------------------------------------------+
; Flow Status                        ; Successful - Fri Nov 17 06:29:00 2017    ;
; Quartus II Version                 ; 10.0 Build 218 06/27/2010 SJ Web Edition ;
; Revision Name                      ; WeightOptimization                       ;
; Top-level Entity Name              ; WeightOptimization                       ;
; Family                             ; Cyclone II                               ;
; Met timing requirements            ; Yes                                      ;
; Total logic elements               ; 4,546 / 8,256 ( 55 % )                   ;
;     Total combinational functions  ; 4,546 / 8,256 ( 55 % )                   ;
;     Dedicated logic registers      ; 0 / 8,256 ( 0 % )                        ;
; Total registers                    ; 0                                        ;
; Total pins                         ; 144 / 182 ( 79 % )                       ;
; Total virtual pins                 ; 0                                        ;
; Total memory bits                  ; 0 / 165,888 ( 0 % )                      ;
; Embedded Multiplier 9-bit elements ; 6 / 36 ( 17 % )                          ;
; Total PLLs                         ; 0 / 2 ( 0 % )                            ;
; Device                             ; EP2C8F256C6                              ;
; Timing Models                      ; Final                                    ;
+------------------------------------+------------------------------------------+


+-----------------------------------------+
; Flow Settings                           ;
+-------------------+---------------------+
; Option            ; Setting             ;
+-------------------+---------------------+
; Start date & time ; 11/17/2017 06:28:34 ;
; Main task         ; Compilation         ;
; Revision Name     ; WeightOptimization  ;
+-------------------+---------------------+


+-----------------------------------------------------------------------------------------------------------------+
; Flow Non-Default Global Settings                                                                                ;
+-------------------------------------+--------------------------------+---------------+-------------+------------+
; Assignment Name                     ; Value                          ; Default Value ; Entity Name ; Section Id ;
+-------------------------------------+--------------------------------+---------------+-------------+------------+
; COMPILER_SIGNATURE_ID               ; 30902515113511.151087131403188 ; --            ; --          ; --         ;
; PARTITION_COLOR                     ; 16764057                       ; --            ; --          ; Top        ;
; PARTITION_FITTER_PRESERVATION_LEVEL ; PLACEMENT_AND_ROUTING          ; --            ; --          ; Top        ;
; PARTITION_NETLIST_TYPE              ; SOURCE                         ; --            ; --          ; Top        ;
+-------------------------------------+--------------------------------+---------------+-------------+------------+


+-----------------------------------------------------------------------------------------------------------------------------+
; Flow Elapsed Time                                                                                                           ;
+-------------------------+--------------+-------------------------+---------------------+------------------------------------+
; Module Name             ; Elapsed Time ; Average Processors Used ; Peak Virtual Memory ; Total CPU Time (on all processors) ;
+-------------------------+--------------+-------------------------+---------------------+------------------------------------+
; Analysis & Synthesis    ; 00:00:14     ; 1.0                     ; 302 MB              ; 00:00:14                           ;
; Fitter                  ; 00:00:06     ; 1.0                     ; 308 MB              ; 00:00:07                           ;
; Assembler               ; 00:00:01     ; 1.0                     ; 265 MB              ; 00:00:01                           ;
; Classic Timing Analyzer ; 00:00:01     ; 1.0                     ; 233 MB              ; 00:00:01                           ;
; Total                   ; 00:00:22     ; --                      ; --                  ; 00:00:23                           ;
+-------------------------+--------------+-------------------------+---------------------+------------------------------------+


+------------------------------------------------------------------------------------------+
; Flow OS Summary                                                                          ;
+-------------------------+------------------+---------------+------------+----------------+
; Module Name             ; Machine Hostname ; OS Name       ; OS Version ; Processor type ;
+-------------------------+------------------+---------------+------------+----------------+
; Analysis & Synthesis    ; DESKTOP-3L6AK1F  ; Windows Vista ; 6.2        ; x86_64         ;
; Fitter                  ; DESKTOP-3L6AK1F  ; Windows Vista ; 6.2        ; x86_64         ;
; Assembler               ; DESKTOP-3L6AK1F  ; Windows Vista ; 6.2        ; x86_64         ;
; Classic Timing Analyzer ; DESKTOP-3L6AK1F  ; Windows Vista ; 6.2        ; x86_64         ;
+-------------------------+------------------+---------------+------------+----------------+


------------
; Flow Log ;
------------
quartus_map --read_settings_files=on --write_settings_files=off WeightOptimization -c WeightOptimization
quartus_fit --read_settings_files=off --write_settings_files=off WeightOptimization -c WeightOptimization
quartus_asm --read_settings_files=off --write_settings_files=off WeightOptimization -c WeightOptimization
quartus_tan --read_settings_files=off --write_settings_files=off WeightOptimization -c WeightOptimization --timing_analysis_only



